#
# There is insufficient memory for the Java Runtime Environment to continue.
# Native memory allocation (mmap) failed to map 175112192 bytes for committing reserved memory.
# Possible reasons:
#   The system is out of physical RAM or swap space
#   In 32 bit mode, the process size limit was hit
# Possible solutions:
#   Reduce memory load on the system
#   Increase physical memory or swap space
#   Check if swap backing store is full
#   Use 64 bit Java on a 64 bit OS
#   Decrease Java heap size (-Xmx/-Xms)
#   Decrease number of Java threads
#   Decrease Java thread stack sizes (-Xss)
#   Set larger code cache with -XX:ReservedCodeCacheSize=
# This output file may be truncated or incomplete.
#
#  Out of Memory Error (os_linux.cpp:2640), pid=3967, tid=0x00007f0450a30700
#
# JRE version:  (8.0_152) (build )
# Java VM: OpenJDK 64-Bit Server VM (25.152-b16-5323222 mixed mode linux-amd64 compressed oops)
# Failed to write core dump. Core dumps have been disabled. To enable core dumping, try "ulimit -c unlimited" before starting Java again
#

---------------  T H R E A D  ---------------

Current thread (0x00007f044800b000):  JavaThread "Unknown thread" [_thread_in_vm, id=3968, stack(0x00007f0450931000,0x00007f0450a31000)]

Stack: [0x00007f0450931000,0x00007f0450a31000],  sp=0x00007f0450a2f610,  free space=1017k
Native frames: (J=compiled Java code, j=interpreted, Vv=VM code, C=native code)
V  [libjvm.so+0x9ffc88]  VMError::report_and_die()+0x148
V  [libjvm.so+0x4ce9aa]  report_vm_out_of_memory(char const*, int, unsigned long, VMErrorType, char const*)+0x8a
V  [libjvm.so+0x8673d8]  os::pd_commit_memory(char*, unsigned long, unsigned long, bool)+0xd8
V  [libjvm.so+0x86201f]  os::commit_memory(char*, unsigned long, unsigned long, bool)+0x1f
V  [libjvm.so+0x8d839b]  PSVirtualSpace::expand_by(unsigned long)+0x5b
V  [libjvm.so+0x8ca398]  PSOldGen::initialize(ReservedSpace, unsigned long, char const*, int)+0xa8
V  [libjvm.so+0x2da693]  AdjoiningGenerations::AdjoiningGenerations(ReservedSpace, GenerationSizer*, unsigned long)+0x353
V  [libjvm.so+0x88af11]  ParallelScavengeHeap::initialize()+0x211
V  [libjvm.so+0x9cb319]  Universe::initialize_heap()+0x189
V  [libjvm.so+0x9cb513]  universe_init()+0x33
V  [libjvm.so+0x5f6445]  init_globals()+0x55
V  [libjvm.so+0x9aeb53]  Threads::create_vm(JavaVMInitArgs*, bool*)+0x2b3
V  [libjvm.so+0x664162]  JNI_CreateJavaVM+0x52
C  [libjli.so+0x7378]  JavaMain+0x88
C  [libpthread.so.0+0x76db]  start_thread+0xdb


---------------  P R O C E S S  ---------------

Java Threads: ( => current thread )

Other Threads:

=>0x00007f044800b000 (exited) JavaThread "Unknown thread" [_thread_in_vm, id=3968, stack(0x00007f0450931000,0x00007f0450a31000)]

VM state:not at safepoint (not fully initialized)

VM Mutex/Monitor currently owned by a thread: None

GC Heap History (0 events):
No events

Deoptimization events (0 events):
No events

Classes redefined (0 events):
No events

Internal exceptions (0 events):
No events

Events (0 events):
No events


Dynamic libraries:
00400000-00401000 r-xp 00000000 08:04 1312868                            /home/duyenvu/android-studio/jre/jre/bin/java
00401000-00402000 rw-p 00000000 08:04 1312868                            /home/duyenvu/android-studio/jre/jre/bin/java
011b7000-011d8000 rw-p 00000000 00:00 0                                  [heap]
6d1900000-76d100000 ---p 00000000 00:00 0 
76d100000-772400000 rw-p 00000000 00:00 0 
772400000-7c0000000 ---p 00000000 00:00 0 
7f0439000000-7f0439270000 rwxp 00000000 00:00 0 
7f0439270000-7f0448000000 ---p 00000000 00:00 0 
7f0448000000-7f0448037000 rw-p 00000000 00:00 0 
7f0448037000-7f044c000000 ---p 00000000 00:00 0 
7f044d6d6000-7f044d98e000 rw-p 00000000 00:00 0 
7f044d98e000-7f044debd000 ---p 00000000 00:00 0 
7f044debd000-7f044dee7000 rw-p 00000000 00:00 0 
7f044dee7000-7f044e155000 ---p 00000000 00:00 0 
7f044e155000-7f044e160000 rw-p 00000000 00:00 0 
7f044e160000-7f044e516000 ---p 00000000 00:00 0 
7f044e516000-7f044e521000 r-xp 00000000 08:02 529179                     /lib/x86_64-linux-gnu/libnss_files-2.27.so
7f044e521000-7f044e720000 ---p 0000b000 08:02 529179                     /lib/x86_64-linux-gnu/libnss_files-2.27.so
7f044e720000-7f044e721000 r--p 0000a000 08:02 529179                     /lib/x86_64-linux-gnu/libnss_files-2.27.so
7f044e721000-7f044e722000 rw-p 0000b000 08:02 529179                     /lib/x86_64-linux-gnu/libnss_files-2.27.so
7f044e722000-7f044e728000 rw-p 00000000 00:00 0 
7f044e728000-7f044e73f000 r-xp 00000000 08:02 529173                     /lib/x86_64-linux-gnu/libnsl-2.27.so
7f044e73f000-7f044e93e000 ---p 00017000 08:02 529173                     /lib/x86_64-linux-gnu/libnsl-2.27.so
7f044e93e000-7f044e93f000 r--p 00016000 08:02 529173                     /lib/x86_64-linux-gnu/libnsl-2.27.so
7f044e93f000-7f044e940000 rw-p 00017000 08:02 529173                     /lib/x86_64-linux-gnu/libnsl-2.27.so
7f044e940000-7f044e942000 rw-p 00000000 00:00 0 
7f044e942000-7f044e94d000 r-xp 00000000 08:02 529190                     /lib/x86_64-linux-gnu/libnss_nis-2.27.so
7f044e94d000-7f044eb4c000 ---p 0000b000 08:02 529190                     /lib/x86_64-linux-gnu/libnss_nis-2.27.so
7f044eb4c000-7f044eb4d000 r--p 0000a000 08:02 529190                     /lib/x86_64-linux-gnu/libnss_nis-2.27.so
7f044eb4d000-7f044eb4e000 rw-p 0000b000 08:02 529190                     /lib/x86_64-linux-gnu/libnss_nis-2.27.so
7f044eb4e000-7f044eb56000 r-xp 00000000 08:02 529175                     /lib/x86_64-linux-gnu/libnss_compat-2.27.so
7f044eb56000-7f044ed56000 ---p 00008000 08:02 529175                     /lib/x86_64-linux-gnu/libnss_compat-2.27.so
7f044ed56000-7f044ed57000 r--p 00008000 08:02 529175                     /lib/x86_64-linux-gnu/libnss_compat-2.27.so
7f044ed57000-7f044ed58000 rw-p 00009000 08:02 529175                     /lib/x86_64-linux-gnu/libnss_compat-2.27.so
7f044ed58000-7f044ed5f000 r-xp 00000000 08:02 529230                     /lib/x86_64-linux-gnu/librt-2.27.so
7f044ed5f000-7f044ef5e000 ---p 00007000 08:02 529230                     /lib/x86_64-linux-gnu/librt-2.27.so
7f044ef5e000-7f044ef5f000 r--p 00006000 08:02 529230                     /lib/x86_64-linux-gnu/librt-2.27.so
7f044ef5f000-7f044ef60000 rw-p 00007000 08:02 529230                     /lib/x86_64-linux-gnu/librt-2.27.so
7f044ef60000-7f044f0fd000 r-xp 00000000 08:02 529152                     /lib/x86_64-linux-gnu/libm-2.27.so
7f044f0fd000-7f044f2fc000 ---p 0019d000 08:02 529152                     /lib/x86_64-linux-gnu/libm-2.27.so
7f044f2fc000-7f044f2fd000 r--p 0019c000 08:02 529152                     /lib/x86_64-linux-gnu/libm-2.27.so
7f044f2fd000-7f044f2fe000 rw-p 0019d000 08:02 529152                     /lib/x86_64-linux-gnu/libm-2.27.so
7f044f2fe000-7f044ff16000 r-xp 00000000 08:04 1312794                    /home/duyenvu/android-studio/jre/jre/lib/amd64/server/libjvm.so
7f044ff16000-7f044ffe5000 rw-p 00c18000 08:04 1312794                    /home/duyenvu/android-studio/jre/jre/lib/amd64/server/libjvm.so
7f044ffe5000-7f045002a000 rw-p 00000000 00:00 0 
7f045002a000-7f0450211000 r-xp 00000000 08:02 529089                     /lib/x86_64-linux-gnu/libc-2.27.so
7f0450211000-7f0450411000 ---p 001e7000 08:02 529089                     /lib/x86_64-linux-gnu/libc-2.27.so
7f0450411000-7f0450415000 r--p 001e7000 08:02 529089                     /lib/x86_64-linux-gnu/libc-2.27.so
7f0450415000-7f0450417000 rw-p 001eb000 08:02 529089                     /lib/x86_64-linux-gnu/libc-2.27.so
7f0450417000-7f045041b000 rw-p 00000000 00:00 0 
7f045041b000-7f045041e000 r-xp 00000000 08:02 529112                     /lib/x86_64-linux-gnu/libdl-2.27.so
7f045041e000-7f045061d000 ---p 00003000 08:02 529112                     /lib/x86_64-linux-gnu/libdl-2.27.so
7f045061d000-7f045061e000 r--p 00002000 08:02 529112                     /lib/x86_64-linux-gnu/libdl-2.27.so
7f045061e000-7f045061f000 rw-p 00003000 08:02 529112                     /lib/x86_64-linux-gnu/libdl-2.27.so
7f045061f000-7f0450639000 r-xp 00000000 08:02 529222                     /lib/x86_64-linux-gnu/libpthread-2.27.so
7f0450639000-7f0450838000 ---p 0001a000 08:02 529222                     /lib/x86_64-linux-gnu/libpthread-2.27.so
7f0450838000-7f0450839000 r--p 00019000 08:02 529222                     /lib/x86_64-linux-gnu/libpthread-2.27.so
7f0450839000-7f045083a000 rw-p 0001a000 08:02 529222                     /lib/x86_64-linux-gnu/libpthread-2.27.so
7f045083a000-7f045083e000 rw-p 00000000 00:00 0 
7f045083e000-7f0450865000 r-xp 00000000 08:02 529061                     /lib/x86_64-linux-gnu/ld-2.27.so
7f04508e8000-7f0450902000 r-xp 00000000 08:04 1312820                    /home/duyenvu/android-studio/jre/jre/lib/amd64/libzip.so
7f0450902000-7f0450903000 rw-p 00019000 08:04 1312820                    /home/duyenvu/android-studio/jre/jre/lib/amd64/libzip.so
7f0450903000-7f045092e000 r-xp 00000000 08:04 1312819                    /home/duyenvu/android-studio/jre/jre/lib/amd64/libjava.so
7f045092e000-7f0450930000 rw-p 0002b000 08:04 1312819                    /home/duyenvu/android-studio/jre/jre/lib/amd64/libjava.so
7f0450930000-7f0450931000 ---p 00000000 00:00 0 
7f0450931000-7f0450934000 ---p 00000000 00:00 0 
7f0450934000-7f0450a33000 rw-p 00000000 00:00 0 
7f0450a33000-7f0450a48000 r-xp 00000000 08:04 1312823                    /home/duyenvu/android-studio/jre/jre/lib/amd64/jli/libjli.so
7f0450a48000-7f0450a49000 rw-p 00015000 08:04 1312823                    /home/duyenvu/android-studio/jre/jre/lib/amd64/jli/libjli.so
7f0450a49000-7f0450a4b000 rw-p 00000000 00:00 0 
7f0450a4c000-7f0450a54000 rw-s 00000000 08:02 3801183                    /tmp/hsperfdata_duyenvu/3967
7f0450a54000-7f0450a55000 rw-p 00000000 00:00 0 
7f0450a55000-7f0450a56000 r--p 00000000 00:00 0 
7f0450a56000-7f0450a63000 r-xp 00000000 08:04 1312801                    /home/duyenvu/android-studio/jre/jre/lib/amd64/libverify.so
7f0450a63000-7f0450a65000 rw-p 0000c000 08:04 1312801                    /home/duyenvu/android-studio/jre/jre/lib/amd64/libverify.so
7f0450a65000-7f0450a66000 r--p 00027000 08:02 529061                     /lib/x86_64-linux-gnu/ld-2.27.so
7f0450a66000-7f0450a67000 rw-p 00028000 08:02 529061                     /lib/x86_64-linux-gnu/ld-2.27.so
7f0450a67000-7f0450a68000 rw-p 00000000 00:00 0 
7ffe0280a000-7ffe0282b000 rw-p 00000000 00:00 0                          [stack]
7ffe0282e000-7ffe02831000 r--p 00000000 00:00 0                          [vvar]
7ffe02831000-7ffe02833000 r-xp 00000000 00:00 0                          [vdso]
ffffffffff600000-ffffffffff601000 r-xp 00000000 00:00 0                  [vsyscall]

VM Arguments:
java_command: org.jetbrains.git4idea.http.GitAskPassApp Username for 'https://github.com': 
java_class_path (initial): /home/duyenvu/android-studio/plugins/git4idea/lib/git4idea-rt.jar:/home/duyenvu/android-studio/lib/xmlrpc-2.0.1.jar:/home/duyenvu/android-studio/lib/commons-codec-1.10.jar:/home/duyenvu/android-studio/lib/util.jar
Launcher Type: SUN_STANDARD

Environment Variables:
PATH=/usr/lib/git-core:/usr/local/sbin:/usr/local/bin:/usr/sbin:/usr/bin:/sbin:/bin:/usr/games:/usr/local/games:/snap/bin
SHELL=/bin/bash
DISPLAY=:0

Signal Handlers:
SIGSEGV: [libjvm.so+0xa00760], sa_mask[0]=11111111011111111101111111111110, sa_flags=SA_RESTART|SA_SIGINFO
SIGBUS: [libjvm.so+0xa00760], sa_mask[0]=11111111011111111101111111111110, sa_flags=SA_RESTART|SA_SIGINFO
SIGFPE: [libjvm.so+0x863090], sa_mask[0]=11111111011111111101111111111110, sa_flags=SA_RESTART|SA_SIGINFO
SIGPIPE: [libjvm.so+0x863090], sa_mask[0]=11111111011111111101111111111110, sa_flags=SA_RESTART|SA_SIGINFO
SIGXFSZ: [libjvm.so+0x863090], sa_mask[0]=11111111011111111101111111111110, sa_flags=SA_RESTART|SA_SIGINFO
SIGILL: [libjvm.so+0x863090], sa_mask[0]=11111111011111111101111111111110, sa_flags=SA_RESTART|SA_SIGINFO
SIGUSR1: SIG_DFL, sa_mask[0]=00000000000000000000000000000000, sa_flags=none
SIGUSR2: [libjvm.so+0x862f60], sa_mask[0]=00100000000000000000000000000000, sa_flags=SA_RESTART|SA_SIGINFO
SIGHUP: SIG_DFL, sa_mask[0]=00000000000000000000000000000000, sa_flags=none
SIGINT: SIG_DFL, sa_mask[0]=00000000000000000000000000000000, sa_flags=none
SIGTERM: SIG_DFL, sa_mask[0]=00000000000000000000000000000000, sa_flags=none
SIGQUIT: SIG_DFL, sa_mask[0]=00000000000000000000000000000000, sa_flags=none


---------------  S Y S T E M  ---------------

OS:DISTRIB_ID=LinuxMint
DISTRIB_RELEASE=19
DISTRIB_CODENAME=tara
DISTRIB_DESCRIPTION="Linux Mint 19 Tara"

uname:Linux 4.15.0-20-generic #21-Ubuntu SMP Tue Apr 24 06:16:15 UTC 2018 x86_64
libc:glibc 2.27 NPTL 2.27 
rlimit: STACK 8192k, CORE 0k, NPROC 63442, NOFILE 1048576, AS infinity
load average:3.01 2.98 3.34

/proc/meminfo:
MemTotal:       16304000 kB
MemFree:          153764 kB
MemAvailable:      68736 kB
Buffers:           32332 kB
Cached:           289400 kB
SwapCached:         1456 kB
Active:         14470224 kB
Inactive:        1367680 kB
Active(anon):   14414808 kB
Inactive(anon):  1310288 kB
Active(file):      55416 kB
Inactive(file):    57392 kB
Unevictable:         112 kB
Mlocked:             112 kB
SwapTotal:       2097148 kB
SwapFree:             68 kB
Dirty:               296 kB
Writeback:             0 kB
AnonPages:      15516092 kB
Mapped:           204760 kB
Shmem:            208444 kB
Slab:             118764 kB
SReclaimable:      57684 kB
SUnreclaim:        61080 kB
KernelStack:       17216 kB
PageTables:        95504 kB
NFS_Unstable:          0 kB
Bounce:                0 kB
WritebackTmp:          0 kB
CommitLimit:    10249148 kB
Committed_AS:   24982916 kB
VmallocTotal:   34359738367 kB
VmallocUsed:           0 kB
VmallocChunk:          0 kB
HardwareCorrupted:     0 kB
AnonHugePages:         0 kB
ShmemHugePages:        0 kB
ShmemPmdMapped:        0 kB
CmaTotal:              0 kB
CmaFree:               0 kB
HugePages_Total:       0
HugePages_Free:        0
HugePages_Rsvd:        0
HugePages_Surp:        0
Hugepagesize:       2048 kB
DirectMap4k:      288256 kB
DirectMap2M:    15319040 kB
DirectMap1G:     2097152 kB


CPU:total 4 (initial active 4) (2 cores per cpu, 2 threads per core) family 6 model 69 stepping 1, cmov, cx8, fxsr, mmx, sse, sse2, sse3, ssse3, sse4.1, sse4.2, popcnt, avx, avx2, aes, clmul, erms, lzcnt, ht, tsc, tscinvbit, bmi1, bmi2

/proc/cpuinfo:
processor	: 0
vendor_id	: GenuineIntel
cpu family	: 6
model		: 69
model name	: Intel(R) Core(TM) i5-4210U CPU @ 1.70GHz
stepping	: 1
microcode	: 0x1c
cpu MHz		: 2394.334
cache size	: 3072 KB
physical id	: 0
siblings	: 4
core id		: 0
cpu cores	: 2
apicid		: 0
initial apicid	: 0
fpu		: yes
fpu_exception	: yes
cpuid level	: 13
wp		: yes
flags		: fpu vme de pse tsc msr pae mce cx8 apic sep mtrr pge mca cmov pat pse36 clflush dts acpi mmx fxsr sse sse2 ss ht tm pbe syscall nx pdpe1gb rdtscp lm constant_tsc arch_perfmon pebs bts rep_good nopl xtopology nonstop_tsc cpuid aperfmperf pni pclmulqdq dtes64 monitor ds_cpl vmx est tm2 ssse3 sdbg fma cx16 xtpr pdcm pcid sse4_1 sse4_2 movbe popcnt aes xsave avx f16c rdrand lahf_lm abm cpuid_fault epb invpcid_single pti tpr_shadow vnmi flexpriority ept vpid fsgsbase tsc_adjust bmi1 avx2 smep bmi2 erms invpcid xsaveopt dtherm ida arat pln pts
bugs		: cpu_meltdown spectre_v1 spectre_v2
bogomips	: 4788.67
clflush size	: 64
cache_alignment	: 64
address sizes	: 39 bits physical, 48 bits virtual
power management:

processor	: 1
vendor_id	: GenuineIntel
cpu family	: 6
model		: 69
model name	: Intel(R) Core(TM) i5-4210U CPU @ 1.70GHz
stepping	: 1
microcode	: 0x1c
cpu MHz		: 2394.333
cache size	: 3072 KB
physical id	: 0
siblings	: 4
core id		: 0
cpu cores	: 2
apicid		: 1
initial apicid	: 1
fpu		: yes
fpu_exception	: yes
cpuid level	: 13
wp		: yes
flags		: fpu vme de pse tsc msr pae mce cx8 apic sep mtrr pge mca cmov pat pse36 clflush dts acpi mmx fxsr sse sse2 ss ht tm pbe syscall nx pdpe1gb rdtscp lm constant_tsc arch_perfmon pebs bts rep_good nopl xtopology nonstop_tsc cpuid aperfmperf pni pclmulqdq dtes64 monitor ds_cpl vmx est tm2 ssse3 sdbg fma cx16 xtpr pdcm pcid sse4_1 sse4_2 movbe popcnt aes xsave avx f16c rdrand lahf_lm abm cpuid_fault epb invpcid_single pti tpr_shadow vnmi flexpriority ept vpid fsgsbase tsc_adjust bmi1 avx2 smep bmi2 erms invpcid xsaveopt dtherm ida arat pln pts
bugs		: cpu_meltdown spectre_v1 spectre_v2
bogomips	: 4788.67
clflush size	: 64
cache_alignment	: 64
address sizes	: 39 bits physical, 48 bits virtual
power management:

processor	: 2
vendor_id	: GenuineIntel
cpu family	: 6
model		: 69
model name	: Intel(R) Core(TM) i5-4210U CPU @ 1.70GHz
stepping	: 1
microcode	: 0x1c
cpu MHz		: 2394.332
cache size	: 3072 KB
physical id	: 0
siblings	: 4
core id		: 1
cpu cores	: 2
apicid		: 2
initial apicid	: 2
fpu		: yes
fpu_exception	: yes
cpuid level	: 13
wp		: yes
flags		: fpu vme de pse tsc msr pae mce cx8 apic sep mtrr pge mca cmov pat pse36 clflush dts acpi mmx fxsr sse sse2 ss ht tm pbe syscall nx pdpe1gb rdtscp lm constant_tsc arch_perfmon pebs bts rep_good nopl xtopology nonstop_tsc cpuid aperfmperf pni pclmulqdq dtes64 monitor ds_cpl vmx est tm2 ssse3 sdbg fma cx16 xtpr pdcm pcid sse4_1 sse4_2 movbe popcnt aes xsave avx f16c rdrand lahf_lm abm cpuid_fault epb invpcid_single pti tpr_shadow vnmi flexpriority ept vpid fsgsbase tsc_adjust bmi1 avx2 smep bmi2 erms invpcid xsaveopt dtherm ida arat pln pts
bugs		: cpu_meltdown spectre_v1 spectre_v2
bogomips	: 4788.67
clflush size	: 64
cache_alignment	: 64
address sizes	: 39 bits physical, 48 bits virtual
power management:

processor	: 3
vendor_id	: GenuineIntel
cpu family	: 6
model		: 69
model name	: Intel(R) Core(TM) i5-4210U CPU @ 1.70GHz
stepping	: 1
microcode	: 0x1c
cpu MHz		: 2394.334
cache size	: 3072 KB
physical id	: 0
siblings	: 4
core id		: 1
cpu cores	: 2
apicid		: 3
initial apicid	: 3
fpu		: yes
fpu_exception	: yes
cpuid level	: 13
wp		: yes
flags		: fpu vme de pse tsc msr pae mce cx8 apic sep mtrr pge mca cmov pat pse36 clflush dts acpi mmx fxsr sse sse2 ss ht tm pbe syscall nx pdpe1gb rdtscp lm constant_tsc arch_perfmon pebs bts rep_good nopl xtopology nonstop_tsc cpuid aperfmperf pni pclmulqdq dtes64 monitor ds_cpl vmx est tm2 ssse3 sdbg fma cx16 xtpr pdcm pcid sse4_1 sse4_2 movbe popcnt aes xsave avx f16c rdrand lahf_lm abm cpuid_fault epb invpcid_single pti tpr_shadow vnmi flexpriority ept vpid fsgsbase tsc_adjust bmi1 avx2 smep bmi2 erms invpcid xsaveopt dtherm ida arat pln pts
bugs		: cpu_meltdown spectre_v1 spectre_v2
bogomips	: 4788.67
clflush size	: 64
cache_alignment	: 64
address sizes	: 39 bits physical, 48 bits virtual
power management:



Memory: 4k page, physical 16304000k(161752k free), swap 2097148k(0k free)

vm_info: OpenJDK 64-Bit Server VM (25.152-b16-5323222) for linux-amd64 JRE (1.8.0_152-release-1343-b16-5323222), built by "android-build" with gcc 4.8

time: Mon May 13 16:58:56 2019
elapsed time: 0 seconds (0d 0h 0m 0s)

