#
# There is insufficient memory for the Java Runtime Environment to continue.
# Native memory allocation (mmap) failed to map 132120576 bytes for committing reserved memory.
# Possible reasons:
#   The system is out of physical RAM or swap space
#   In 32 bit mode, the process size limit was hit
# Possible solutions:
#   Reduce memory load on the system
#   Increase physical memory or swap space
#   Check if swap backing store is full
#   Use 64 bit Java on a 64 bit OS
#   Decrease Java heap size (-Xmx/-Xms)
#   Decrease number of Java threads
#   Decrease Java thread stack sizes (-Xss)
#   Set larger code cache with -XX:ReservedCodeCacheSize=
# This output file may be truncated or incomplete.
#
#  Out of Memory Error (os_linux.cpp:2640), pid=20082, tid=0x00007fd7ebfff700
#
# JRE version: OpenJDK Runtime Environment (8.0_152) (build 1.8.0_152-release-1343-b16-5323222)
# Java VM: OpenJDK 64-Bit Server VM (25.152-b16-5323222 mixed mode linux-amd64 compressed oops)
# Failed to write core dump. Core dumps have been disabled. To enable core dumping, try "ulimit -c unlimited" before starting Java again
#

---------------  T H R E A D  ---------------

Current thread (0x00007fd808079000):  VMThread [stack: 0x00007fd7ebf00000,0x00007fd7ec000000] [id=20090]

Stack: [0x00007fd7ebf00000,0x00007fd7ec000000],  sp=0x00007fd7ebffe4c0,  free space=1017k
Native frames: (J=compiled Java code, j=interpreted, Vv=VM code, C=native code)
V  [libjvm.so+0x9ffc88]  VMError::report_and_die()+0x148
V  [libjvm.so+0x4ce9aa]  report_vm_out_of_memory(char const*, int, unsigned long, VMErrorType, char const*)+0x8a
V  [libjvm.so+0x8673d8]  os::pd_commit_memory(char*, unsigned long, unsigned long, bool)+0xd8
V  [libjvm.so+0x86201f]  os::commit_memory(char*, unsigned long, unsigned long, bool)+0x1f
V  [libjvm.so+0x8d839b]  PSVirtualSpace::expand_by(unsigned long)+0x5b
V  [libjvm.so+0x8d8ff0]  PSYoungGen::resize_generation(unsigned long, unsigned long)+0xb0
V  [libjvm.so+0x8d930b]  PSYoungGen::resize(unsigned long, unsigned long)+0x1b
V  [libjvm.so+0x8d5a3e]  PSScavenge::invoke_no_policy()+0xdce
V  [libjvm.so+0x8cf560]  PSParallelCompact::invoke(bool)+0x40
V  [libjvm.so+0x45e9e3]  CollectedHeap::collect_as_vm_thread(GCCause::Cause)+0x143
V  [libjvm.so+0xa010a1]  VM_CollectForMetadataAllocation::doit()+0x141
V  [libjvm.so+0xa05bf7]  VM_Operation::evaluate()+0x47
V  [libjvm.so+0xa04658]  VMThread::evaluate_operation(VM_Operation*)+0x2c8
V  [libjvm.so+0xa04ab1]  VMThread::loop()+0x1f1
V  [libjvm.so+0xa04ee2]  VMThread::run()+0x72
V  [libjvm.so+0x864822]  java_start(Thread*)+0xf2

VM_Operation (0x00007fd7e9d8e740): CollectForMetadataAllocation, mode: safepoint, requested by thread 0x00007fd7b000a000


---------------  P R O C E S S  ---------------

Java Threads: ( => current thread )
  0x00007fd79c4bd800 JavaThread "Cache worker for file hash cache (/home/duyenvu/Downloads/com.example.yummy/.gradle/5.1.1/fileHashes)" [_thread_blocked, id=20147, stack(0x00007fd7e9192000,0x00007fd7e9293000)]
  0x00007fd79c144800 JavaThread "Cache worker for journal cache (/home/duyenvu/.gradle/caches/journal-1)" [_thread_blocked, id=20146, stack(0x00007fd7e9493000,0x00007fd7e9594000)]
  0x00007fd79c142000 JavaThread "File lock request listener" [_thread_in_native, id=20145, stack(0x00007fd7e9594000,0x00007fd7e9695000)]
  0x00007fd79c13b800 JavaThread "Cache worker for file hash cache (/home/duyenvu/.gradle/caches/5.1.1/fileHashes)" [_thread_blocked, id=20144, stack(0x00007fd7e9695000,0x00007fd7e9796000)]
  0x00007fd79c018000 JavaThread "Thread-8" [_thread_blocked, id=20143, stack(0x00007fd7e9996000,0x00007fd7e9a97000)]
  0x00007fd79c00e000 JavaThread "Asynchronous log dispatcher for DefaultDaemonConnection: socket connection from /127.0.0.1:40657 to /127.0.0.1:36514" [_thread_blocked, id=20141, stack(0x00007fd7e9b98000,0x00007fd7e9c99000)]
  0x00007fd7b000a000 JavaThread "Daemon worker" [_thread_blocked, id=20138, stack(0x00007fd7e9c99000,0x00007fd7e9d9a000)]
  0x00007fd7b0008000 JavaThread "Cancel handler" [_thread_blocked, id=20137, stack(0x00007fd7e9d9a000,0x00007fd7e9e9b000)]
  0x00007fd7b0004000 JavaThread "Handler for socket connection from /127.0.0.1:40657 to /127.0.0.1:36514" [_thread_in_native, id=20136, stack(0x00007fd7e9e9b000,0x00007fd7e9f9c000)]
  0x00007fd7b802c000 JavaThread "Daemon" [_thread_blocked, id=20135, stack(0x00007fd7e9f9c000,0x00007fd7ea09d000)]
  0x00007fd8080cc800 JavaThread "Daemon periodic checks" [_thread_blocked, id=20134, stack(0x00007fd7ea09d000,0x00007fd7ea19e000)]
  0x00007fd808f15000 JavaThread "Incoming local TCP Connector on port 40657" [_thread_in_native, id=20100, stack(0x00007fd7ea1a5000,0x00007fd7ea2a6000)]
  0x00007fd8080c2800 JavaThread "Service Thread" daemon [_thread_blocked, id=20097, stack(0x00007fd7eb398000,0x00007fd7eb499000)]
  0x00007fd8080bf800 JavaThread "C1 CompilerThread2" daemon [_thread_blocked, id=20096, stack(0x00007fd7eb49a000,0x00007fd7eb59a000)]
  0x00007fd8080bd800 JavaThread "C2 CompilerThread1" daemon [_thread_blocked, id=20095, stack(0x00007fd7eb59b000,0x00007fd7eb69b000)]
  0x00007fd8080ba800 JavaThread "C2 CompilerThread0" daemon [_thread_blocked, id=20094, stack(0x00007fd7eb69c000,0x00007fd7eb79c000)]
  0x00007fd8080b9000 JavaThread "Signal Dispatcher" daemon [_thread_blocked, id=20093, stack(0x00007fd7eb79c000,0x00007fd7eb89d000)]
  0x00007fd808085000 JavaThread "Finalizer" daemon [_thread_blocked, id=20092, stack(0x00007fd7ebcfd000,0x00007fd7ebdfe000)]
  0x00007fd808080800 JavaThread "Reference Handler" daemon [_thread_blocked, id=20091, stack(0x00007fd7ebdfe000,0x00007fd7ebeff000)]
  0x00007fd80800b800 JavaThread "main" [_thread_blocked, id=20085, stack(0x00007fd80efa6000,0x00007fd80f0a6000)]

Other Threads:
=>0x00007fd808079000 VMThread [stack: 0x00007fd7ebf00000,0x00007fd7ec000000] [id=20090]
  0x00007fd8080c5000 WatcherThread [stack: 0x00007fd7eb298000,0x00007fd7eb398000] [id=20098]

VM state:at safepoint (normal execution)

VM Mutex/Monitor currently owned by a thread:  ([mutex/lock_event])
[0x00007fd808007c00] Threads_lock - owner thread: 0x00007fd808079000
[0x00007fd808008100] Heap_lock - owner thread: 0x00007fd7b000a000

Heap:
 PSYoungGen      total 139264K, used 10223K [0x00000000e0000000, 0x00000000e9200000, 0x0000000100000000)
  eden space 129024K, 0% used [0x00000000e0000000,0x00000000e0000000,0x00000000e7e00000)
  from space 10240K, 99% used [0x00000000e7e00000,0x00000000e87fbdd8,0x00000000e8800000)
  to   space 10240K, 0% used [0x00000000e8800000,0x00000000e8800000,0x00000000e9200000)
 ParOldGen       total 171008K, used 932K [0x00000000a0000000, 0x00000000aa700000, 0x00000000e0000000)
  object space 171008K, 0% used [0x00000000a0000000,0x00000000a00e9248,0x00000000aa700000)
 Metaspace       used 20584K, capacity 21052K, committed 21296K, reserved 1067008K
  class space    used 2892K, capacity 3086K, committed 3200K, reserved 1048576K

Card table byte_map: [0x00007fd80c4ca000,0x00007fd80c7cb000] byte_map_base: 0x00007fd80bfca000

Marking Bits: (ParMarkBitMap*) 0x00007fd80e66ff00
 Begin Bits: [0x00007fd7f1000000, 0x00007fd7f2800000)
 End Bits:   [0x00007fd7f2800000, 0x00007fd7f4000000)

Polling page: 0x00007fd80f0ca000

CodeCache: size=245760Kb used=5203Kb max_used=5222Kb free=240556Kb
 bounds [0x00007fd7f9000000, 0x00007fd7f9520000, 0x00007fd808000000]
 total_blobs=1929 nmethods=1527 adapters=316
 compilation: enabled

Compilation events (10 events):
Event: 149,215 Thread 0x00007fd8080bf800 1662       3       org.codehaus.groovy.reflection.CachedClass::getCachedSuperClass (11 bytes)
Event: 149,215 Thread 0x00007fd8080bf800 nmethod 1662 0x00007fd7f9172a90 code [0x00007fd7f9172c00, 0x00007fd7f9172f08]
Event: 149,227 Thread 0x00007fd8080bf800 1663       3       java.nio.HeapByteBuffer::_get (7 bytes)
Event: 149,227 Thread 0x00007fd8080bf800 nmethod 1663 0x00007fd7f917f7d0 code [0x00007fd7f917f940, 0x00007fd7f917fab0]
Event: 149,227 Thread 0x00007fd8080ba800 1665       4       java.io.DataOutputStream::writeShort (35 bytes)
Event: 149,237 Thread 0x00007fd8080bf800 1666       3       java.util.regex.Pattern$BitClass::isSatisfiedBy (22 bytes)
Event: 149,237 Thread 0x00007fd8080bd800 1667       4       java.util.regex.Pattern$BmpCharProperty::match (50 bytes)
Event: 149,238 Thread 0x00007fd8080bf800 nmethod 1666 0x00007fd7f9172610 code [0x00007fd7f9172780, 0x00007fd7f9172990]
Event: 149,240 Thread 0x00007fd8080bd800 nmethod 1667 0x00007fd7f9170ad0 code [0x00007fd7f9170c40, 0x00007fd7f9170e38]
Event: 149,259 Thread 0x00007fd8080ba800 nmethod 1665 0x00007fd7f951c5d0 code [0x00007fd7f951c800, 0x00007fd7f951e7d0]

GC Heap History (5 events):
Event: 2,621 GC heap before
{Heap before GC invocations=1 (full 0):
 PSYoungGen      total 74752K, used 64512K [0x00000000e0000000, 0x00000000e5300000, 0x0000000100000000)
  eden space 64512K, 100% used [0x00000000e0000000,0x00000000e3f00000,0x00000000e3f00000)
  from space 10240K, 0% used [0x00000000e4900000,0x00000000e4900000,0x00000000e5300000)
  to   space 10240K, 0% used [0x00000000e3f00000,0x00000000e3f00000,0x00000000e4900000)
 ParOldGen       total 171008K, used 0K [0x00000000a0000000, 0x00000000aa700000, 0x00000000e0000000)
  object space 171008K, 0% used [0x00000000a0000000,0x00000000a0000000,0x00000000aa700000)
 Metaspace       used 9038K, capacity 9244K, committed 9600K, reserved 1056768K
  class space    used 1198K, capacity 1292K, committed 1408K, reserved 1048576K
Event: 2,728 GC heap after
Heap after GC invocations=1 (full 0):
 PSYoungGen      total 74752K, used 7067K [0x00000000e0000000, 0x00000000e9200000, 0x0000000100000000)
  eden space 64512K, 0% used [0x00000000e0000000,0x00000000e0000000,0x00000000e3f00000)
  from space 10240K, 69% used [0x00000000e3f00000,0x00000000e45e6d78,0x00000000e4900000)
  to   space 10240K, 0% used [0x00000000e8800000,0x00000000e8800000,0x00000000e9200000)
 ParOldGen       total 171008K, used 8K [0x00000000a0000000, 0x00000000aa700000, 0x00000000e0000000)
  object space 171008K, 0% used [0x00000000a0000000,0x00000000a0002000,0x00000000aa700000)
 Metaspace       used 9038K, capacity 9244K, committed 9600K, reserved 1056768K
  class space    used 1198K, capacity 1292K, committed 1408K, reserved 1048576K
}
Event: 23,170 GC heap before
{Heap before GC invocations=2 (full 0):
 PSYoungGen      total 74752K, used 71579K [0x00000000e0000000, 0x00000000e9200000, 0x0000000100000000)
  eden space 64512K, 100% used [0x00000000e0000000,0x00000000e3f00000,0x00000000e3f00000)
  from space 10240K, 69% used [0x00000000e3f00000,0x00000000e45e6d78,0x00000000e4900000)
  to   space 10240K, 0% used [0x00000000e8800000,0x00000000e8800000,0x00000000e9200000)
 ParOldGen       total 171008K, used 8K [0x00000000a0000000, 0x00000000aa700000, 0x00000000e0000000)
  object space 171008K, 0% used [0x00000000a0000000,0x00000000a0002000,0x00000000aa700000)
 Metaspace       used 15548K, capacity 15918K, committed 16256K, reserved 1062912K
  class space    used 2231K, capacity 2391K, committed 2432K, reserved 1048576K
Event: 23,217 GC heap after
Heap after GC invocations=2 (full 0):
 PSYoungGen      total 139264K, used 10218K [0x00000000e0000000, 0x00000000e9200000, 0x0000000100000000)
  eden space 129024K, 0% used [0x00000000e0000000,0x00000000e0000000,0x00000000e7e00000)
  from space 10240K, 99% used [0x00000000e8800000,0x00000000e91faa58,0x00000000e9200000)
  to   space 10240K, 0% used [0x00000000e7e00000,0x00000000e7e00000,0x00000000e8800000)
 ParOldGen       total 171008K, used 116K [0x00000000a0000000, 0x00000000aa700000, 0x00000000e0000000)
  object space 171008K, 0% used [0x00000000a0000000,0x00000000a001d270,0x00000000aa700000)
 Metaspace       used 15548K, capacity 15918K, committed 16256K, reserved 1062912K
  class space    used 2231K, capacity 2391K, committed 2432K, reserved 1048576K
}
Event: 149,260 GC heap before
{Heap before GC invocations=3 (full 0):
 PSYoungGen      total 139264K, used 58873K [0x00000000e0000000, 0x00000000e9200000, 0x0000000100000000)
  eden space 129024K, 37% used [0x00000000e0000000,0x00000000e2f83af8,0x00000000e7e00000)
  from space 10240K, 99% used [0x00000000e8800000,0x00000000e91faa58,0x00000000e9200000)
  to   space 10240K, 0% used [0x00000000e7e00000,0x00000000e7e00000,0x00000000e8800000)
 ParOldGen       total 171008K, used 116K [0x00000000a0000000, 0x00000000aa700000, 0x00000000e0000000)
  object space 171008K, 0% used [0x00000000a0000000,0x00000000a001d270,0x00000000aa700000)
 Metaspace       used 20584K, capacity 21052K, committed 21296K, reserved 1067008K
  class space    used 2892K, capacity 3086K, committed 3200K, reserved 1048576K

Deoptimization events (10 events):
Event: 148,808 Thread 0x00007fd7b000a000 Uncommon trap: reason=bimorphic action=maybe_recompile pc=0x00007fd7f94cd7c8 method=java.lang.ClassLoader.getPackage(Ljava/lang/String;)Ljava/lang/Package; @ 47
Event: 148,809 Thread 0x00007fd7b000a000 Uncommon trap: reason=bimorphic action=maybe_recompile pc=0x00007fd7f942742c method=java.lang.ClassLoader.loadClass(Ljava/lang/String;Z)Ljava/lang/Class; @ 38
Event: 148,812 Thread 0x00007fd7b000a000 Uncommon trap: reason=bimorphic action=maybe_recompile pc=0x00007fd7f942742c method=java.lang.ClassLoader.loadClass(Ljava/lang/String;Z)Ljava/lang/Class; @ 38
Event: 148,813 Thread 0x00007fd7b000a000 Uncommon trap: reason=bimorphic action=maybe_recompile pc=0x00007fd7f942742c method=java.lang.ClassLoader.loadClass(Ljava/lang/String;Z)Ljava/lang/Class; @ 38
Event: 148,813 Thread 0x00007fd7b000a000 Uncommon trap: reason=bimorphic action=maybe_recompile pc=0x00007fd7f94cd7c8 method=java.lang.ClassLoader.getPackage(Ljava/lang/String;)Ljava/lang/Package; @ 47
Event: 148,813 Thread 0x00007fd7b000a000 Uncommon trap: reason=unstable_if action=reinterpret pc=0x00007fd7f94cca00 method=java.net.URLClassLoader.getAndVerifyPackage(Ljava/lang/String;Ljava/util/jar/Manifest;Ljava/net/URL;)Ljava/lang/Package; @ 62
Event: 149,031 Thread 0x00007fd7b000a000 Uncommon trap: reason=bimorphic action=maybe_recompile pc=0x00007fd7f9504928 method=java.io.BufferedInputStream.read([BII)I @ 101
Event: 149,032 Thread 0x00007fd7b000a000 Uncommon trap: reason=bimorphic action=maybe_recompile pc=0x00007fd7f9504928 method=java.io.BufferedInputStream.read([BII)I @ 101
Event: 149,032 Thread 0x00007fd7b000a000 Uncommon trap: reason=bimorphic action=maybe_recompile pc=0x00007fd7f9504928 method=java.io.BufferedInputStream.read([BII)I @ 101
Event: 149,033 Thread 0x00007fd7b000a000 Uncommon trap: reason=bimorphic action=maybe_recompile pc=0x00007fd7f9504928 method=java.io.BufferedInputStream.read([BII)I @ 101

Classes redefined (0 events):
No events

Internal exceptions (10 events):
Event: 148,597 Thread 0x00007fd79c018000 Exception <a 'java/lang/NoSuchMethodError': <clinit>> (0x00000000e001adc8) thrown at [/buildbot/src/googleplex-android/openjdk/out/hotspot/src/share/vm/prims/jni.cpp, line 1613]
Event: 148,603 Thread 0x00007fd79c018000 Exception <a 'java/lang/NoSuchMethodError': <clinit>> (0x00000000e0029e38) thrown at [/buildbot/src/googleplex-android/openjdk/out/hotspot/src/share/vm/prims/jni.cpp, line 1613]
Event: 148,817 Thread 0x00007fd7b000a000 Exception <a 'java/lang/NoSuchMethodError': <clinit>> (0x00000000e1ca30f8) thrown at [/buildbot/src/googleplex-android/openjdk/out/hotspot/src/share/vm/prims/jni.cpp, line 1613]
Event: 148,838 Thread 0x00007fd7b000a000 Exception <a 'java/lang/NoSuchMethodError': <clinit>> (0x00000000e1cf26b0) thrown at [/buildbot/src/googleplex-android/openjdk/out/hotspot/src/share/vm/prims/jni.cpp, line 1613]
Event: 148,840 Thread 0x00007fd7b000a000 Exception <a 'java/lang/NoSuchMethodError': <clinit>> (0x00000000e1d00018) thrown at [/buildbot/src/googleplex-android/openjdk/out/hotspot/src/share/vm/prims/jni.cpp, line 1613]
Event: 148,857 Thread 0x00007fd7b000a000 Exception <a 'java/lang/NoSuchMethodError': <clinit>> (0x00000000e1e236c8) thrown at [/buildbot/src/googleplex-android/openjdk/out/hotspot/src/share/vm/prims/jni.cpp, line 1613]
Event: 148,857 Thread 0x00007fd7b000a000 Exception <a 'java/lang/NoSuchMethodError': <clinit>> (0x00000000e1e27610) thrown at [/buildbot/src/googleplex-android/openjdk/out/hotspot/src/share/vm/prims/jni.cpp, line 1613]
Event: 148,857 Thread 0x00007fd7b000a000 Exception <a 'java/lang/NoSuchMethodError': <clinit>> (0x00000000e1e29118) thrown at [/buildbot/src/googleplex-android/openjdk/out/hotspot/src/share/vm/prims/jni.cpp, line 1613]
Event: 148,857 Thread 0x00007fd7b000a000 Exception <a 'java/lang/NoSuchMethodError': <clinit>> (0x00000000e1e2a8e8) thrown at [/buildbot/src/googleplex-android/openjdk/out/hotspot/src/share/vm/prims/jni.cpp, line 1613]
Event: 148,857 Thread 0x00007fd7b000a000 Exception <a 'java/lang/NoSuchMethodError': <clinit>> (0x00000000e1e2bf68) thrown at [/buildbot/src/googleplex-android/openjdk/out/hotspot/src/share/vm/prims/jni.cpp, line 1613]

Events (10 events):
Event: 149,241 loading class org/codehaus/groovy/macro/matcher/ASTMatcher done
Event: 149,243 loading class org/codehaus/groovy/macro/matcher/ContextualClassCodeVisitor
Event: 149,243 loading class org/codehaus/groovy/macro/matcher/ContextualClassCodeVisitor done
Event: 149,243 loading class org/codehaus/groovy/ast/ClassCodeVisitorSupport
Event: 149,243 loading class org/codehaus/groovy/ast/ClassCodeVisitorSupport done
Event: 149,244 loading class org/codehaus/groovy/transform/ErrorCollecting
Event: 149,244 loading class org/codehaus/groovy/transform/ErrorCollecting done
Event: 149,244 loading class org/codehaus/groovy/ast/GroovyClassVisitor
Event: 149,244 loading class org/codehaus/groovy/ast/GroovyClassVisitor done
Event: 149,260 Executing VM operation: CollectForMetadataAllocation


Dynamic libraries:
00400000-00401000 r-xp 00000000 07:05 3321                               /snap/android-studio/76/android-studio/jre/bin/java
00401000-00402000 rw-p 00000000 07:05 3321                               /snap/android-studio/76/android-studio/jre/bin/java
005cc000-005ed000 rw-p 00000000 00:00 0                                  [heap]
a0000000-aa700000 rw-p 00000000 00:00 0 
aa700000-e0000000 ---p 00000000 00:00 0 
e0000000-e9200000 rw-p 00000000 00:00 0 
f1000000-100000000 ---p 00000000 00:00 0 
100000000-100320000 rw-p 00000000 00:00 0 
100320000-140000000 ---p 00000000 00:00 0 
7fd784000000-7fd784021000 rw-p 00000000 00:00 0 
7fd784021000-7fd788000000 ---p 00000000 00:00 0 
7fd788000000-7fd788021000 rw-p 00000000 00:00 0 
7fd788021000-7fd78c000000 ---p 00000000 00:00 0 
7fd78c000000-7fd78c021000 rw-p 00000000 00:00 0 
7fd78c021000-7fd790000000 ---p 00000000 00:00 0 
7fd790000000-7fd790021000 rw-p 00000000 00:00 0 
7fd790021000-7fd794000000 ---p 00000000 00:00 0 
7fd794000000-7fd794021000 rw-p 00000000 00:00 0 
7fd794021000-7fd798000000 ---p 00000000 00:00 0 
7fd798000000-7fd798021000 rw-p 00000000 00:00 0 
7fd798021000-7fd79c000000 ---p 00000000 00:00 0 
7fd79c000000-7fd79c6a7000 rw-p 00000000 00:00 0 
7fd79c6a7000-7fd7a0000000 ---p 00000000 00:00 0 
7fd7a0000000-7fd7a03e9000 rw-p 00000000 00:00 0 
7fd7a03e9000-7fd7a4000000 ---p 00000000 00:00 0 
7fd7a4000000-7fd7a408e000 rw-p 00000000 00:00 0 
7fd7a408e000-7fd7a8000000 ---p 00000000 00:00 0 
7fd7a8000000-7fd7a8021000 rw-p 00000000 00:00 0 
7fd7a8021000-7fd7ac000000 ---p 00000000 00:00 0 
7fd7ac000000-7fd7ac021000 rw-p 00000000 00:00 0 
7fd7ac021000-7fd7b0000000 ---p 00000000 00:00 0 
7fd7b0000000-7fd7b0021000 rw-p 00000000 00:00 0 
7fd7b0021000-7fd7b4000000 ---p 00000000 00:00 0 
7fd7b4000000-7fd7b4021000 rw-p 00000000 00:00 0 
7fd7b4021000-7fd7b8000000 ---p 00000000 00:00 0 
7fd7b8000000-7fd7b8069000 rw-p 00000000 00:00 0 
7fd7b8069000-7fd7bc000000 ---p 00000000 00:00 0 
7fd7bc000000-7fd7bd2eb000 rw-p 00000000 00:00 0 
7fd7bd2eb000-7fd7c0000000 ---p 00000000 00:00 0 
7fd7c0000000-7fd7c0021000 rw-p 00000000 00:00 0 
7fd7c0021000-7fd7c4000000 ---p 00000000 00:00 0 
7fd7c4000000-7fd7c63b1000 rw-p 00000000 00:00 0 
7fd7c63b1000-7fd7c8000000 ---p 00000000 00:00 0 
7fd7c8000000-7fd7c843a000 rw-p 00000000 00:00 0 
7fd7c843a000-7fd7cc000000 ---p 00000000 00:00 0 
7fd7cc000000-7fd7cc021000 rw-p 00000000 00:00 0 
7fd7cc021000-7fd7d0000000 ---p 00000000 00:00 0 
7fd7d0fff000-7fd7d4000000 rw-p 00000000 00:00 0 
7fd7d4000000-7fd7d4021000 rw-p 00000000 00:00 0 
7fd7d4021000-7fd7d8000000 ---p 00000000 00:00 0 
7fd7d8000000-7fd7d8021000 rw-p 00000000 00:00 0 
7fd7d8021000-7fd7dc000000 ---p 00000000 00:00 0 
7fd7dc000000-7fd7dc021000 rw-p 00000000 00:00 0 
7fd7dc021000-7fd7e0000000 ---p 00000000 00:00 0 
7fd7e0000000-7fd7e02e6000 rw-p 00000000 00:00 0 
7fd7e02e6000-7fd7e4000000 ---p 00000000 00:00 0 
7fd7e4000000-7fd7e4044000 rw-p 00000000 00:00 0 
7fd7e4044000-7fd7e8000000 ---p 00000000 00:00 0 
7fd7e8745000-7fd7e88f1000 rw-p 00000000 00:00 0 
7fd7e88f1000-7fd7e8945000 ---p 00000000 00:00 0 
7fd7e8945000-7fd7e8977000 r--s 0026a000 08:04 3193189                    /home/duyenvu/.gradle/caches/jars-3/1292525a786f20744e75964100cf9267/guava-25.1-jre.jar
7fd7e8977000-7fd7e899f000 r--s 006f7000 08:04 4458765                    /home/duyenvu/.gradle/caches/jars-3/627b9b84e15ca0d34161ad9f06b2dc71/sdk-tools.jar
7fd7e899f000-7fd7e8b4b000 r--s 02ff1000 08:04 4458763                    /home/duyenvu/.gradle/caches/jars-3/ae5f7430858c47face138456b17cb646/android.jar
7fd7e8b4b000-7fd7e8dbd000 r--s 01914000 08:04 3193183                    /home/duyenvu/.gradle/caches/jars-3/82369510698072463efbe6adcbe28b53/gradle-api-impldep-4.10.jar
7fd7e8dbd000-7fd7e8f18000 r--s 00bad000 08:04 3193181                    /home/duyenvu/.gradle/caches/jars-3/9f8c68e9e5f76d63aea917149b6bc9a0/gradle-api-4.10.jar
7fd7e8f18000-7fd7e8f92000 r--s 010fd000 07:05 3519                       /snap/android-studio/76/android-studio/jre/lib/tools.jar
7fd7e8f92000-7fd7e9192000 rw-p 00000000 00:00 0 
7fd7e9192000-7fd7e9195000 ---p 00000000 00:00 0 
7fd7e9195000-7fd7e9493000 rw-p 00000000 00:00 0 
7fd7e9493000-7fd7e9496000 ---p 00000000 00:00 0 
7fd7e9496000-7fd7e9594000 rw-p 00000000 00:00 0 
7fd7e9594000-7fd7e9597000 ---p 00000000 00:00 0 
7fd7e9597000-7fd7e9695000 rw-p 00000000 00:00 0 
7fd7e9695000-7fd7e9698000 ---p 00000000 00:00 0 
7fd7e9698000-7fd7e9996000 rw-p 00000000 00:00 0 
7fd7e9996000-7fd7e9999000 ---p 00000000 00:00 0 
7fd7e9999000-7fd7e9a97000 rw-p 00000000 00:00 0 
7fd7e9a97000-7fd7e9a9a000 ---p 00000000 00:00 0 
7fd7e9a9a000-7fd7e9b98000 rw-p 00000000 00:00 0 
7fd7e9b98000-7fd7e9b9b000 ---p 00000000 00:00 0 
7fd7e9b9b000-7fd7e9c99000 rw-p 00000000 00:00 0 
7fd7e9c99000-7fd7e9c9c000 ---p 00000000 00:00 0 
7fd7e9c9c000-7fd7e9d9a000 rw-p 00000000 00:00 0 
7fd7e9d9a000-7fd7e9d9d000 ---p 00000000 00:00 0 
7fd7e9d9d000-7fd7e9e9b000 rw-p 00000000 00:00 0 
7fd7e9e9b000-7fd7e9e9e000 ---p 00000000 00:00 0 
7fd7e9e9e000-7fd7e9f9c000 rw-p 00000000 00:00 0 
7fd7e9f9c000-7fd7e9f9f000 ---p 00000000 00:00 0 
7fd7e9f9f000-7fd7ea09d000 rw-p 00000000 00:00 0 
7fd7ea09d000-7fd7ea0a0000 ---p 00000000 00:00 0 
7fd7ea0a0000-7fd7ea19e000 rw-p 00000000 00:00 0 
7fd7ea19e000-7fd7ea1a5000 r--s 00000000 08:02 394320                     /usr/lib/x86_64-linux-gnu/gconv/gconv-modules.cache
7fd7ea1a5000-7fd7ea1a8000 ---p 00000000 00:00 0 
7fd7ea1a8000-7fd7ea2a6000 rw-p 00000000 00:00 0 
7fd7ea2a6000-7fd7ea2ab000 r--s 0009a000 07:05 3478                       /snap/android-studio/76/android-studio/jre/jre/lib/jsse.jar
7fd7ea2ab000-7fd7ea4ab000 rw-p 00000000 00:00 0 
7fd7ea4ab000-7fd7ea4b3000 r-xp 00000000 07:05 3410                       /snap/android-studio/76/android-studio/jre/jre/lib/amd64/libmanagement.so
7fd7ea4b3000-7fd7ea4b4000 rw-p 00007000 07:05 3410                       /snap/android-studio/76/android-studio/jre/jre/lib/amd64/libmanagement.so
7fd7ea4b4000-7fd7ea4b7000 r--s 0000e000 08:04 2118914                    /home/duyenvu/.gradle/wrapper/dists/gradle-5.1.1-all/97z1ksx6lirer3kbvdnh7jtjg/gradle-5.1.1/lib/plugins/gradle-tooling-api-builders-5.1.1.jar
7fd7ea4b7000-7fd7ea4b8000 r--s 00005000 08:04 2118935                    /home/duyenvu/.gradle/wrapper/dists/gradle-5.1.1-all/97z1ksx6lirer3kbvdnh7jtjg/gradle-5.1.1/lib/plugins/gradle-build-profile-5.1.1.jar
7fd7ea4b8000-7fd7ea4ba000 r--s 00003000 08:04 2118569                    /home/duyenvu/.gradle/wrapper/dists/gradle-5.1.1-all/97z1ksx6lirer3kbvdnh7jtjg/gradle-5.1.1/lib/plugins/gradle-tooling-native-5.1.1.jar
7fd7ea4ba000-7fd7ea4bf000 r--s 0001d000 08:04 2118578                    /home/duyenvu/.gradle/wrapper/dists/gradle-5.1.1-all/97z1ksx6lirer3kbvdnh7jtjg/gradle-5.1.1/lib/plugins/gradle-testing-native-5.1.1.jar
7fd7ea4bf000-7fd7ea4c1000 r--s 0000f000 08:04 2131146                    /home/duyenvu/.gradle/wrapper/dists/gradle-5.1.1-all/97z1ksx6lirer3kbvdnh7jtjg/gradle-5.1.1/lib/plugins/jcommander-1.72.jar
7fd7ea4c1000-7fd7ea4ca000 r--s 00089000 08:04 2131122                    /home/duyenvu/.gradle/wrapper/dists/gradle-5.1.1-all/97z1ksx6lirer3kbvdnh7jtjg/gradle-5.1.1/lib/plugins/testng-6.3.1.jar
7fd7ea4ca000-7fd7ea4cf000 r--s 0005a000 08:04 2131126                    /home/duyenvu/.gradle/wrapper/dists/gradle-5.1.1-all/97z1ksx6lirer3kbvdnh7jtjg/gradle-5.1.1/lib/plugins/bsh-2.0b6.jar
7fd7ea4cf000-7fd7ea4d3000 r--s 0001c000 08:04 2118915                    /home/duyenvu/.gradle/wrapper/dists/gradle-5.1.1-all/97z1ksx6lirer3kbvdnh7jtjg/gradle-5.1.1/lib/plugins/gradle-testing-jvm-5.1.1.jar
7fd7ea4d3000-7fd7ea4d6000 r--s 00011000 08:04 2131164                    /home/duyenvu/.gradle/wrapper/dists/gradle-5.1.1-all/97z1ksx6lirer3kbvdnh7jtjg/gradle-5.1.1/lib/plugins/junit-platform-commons-1.3.1.jar
7fd7ea4d6000-7fd7ea4d7000 r--s 00001000 08:04 2131166                    /home/duyenvu/.gradle/wrapper/dists/gradle-5.1.1-all/97z1ksx6lirer3kbvdnh7jtjg/gradle-5.1.1/lib/plugins/opentest4j-1.1.1.jar
7fd7ea4d7000-7fd7ea4db000 r--s 0001d000 08:04 2131163                    /home/duyenvu/.gradle/wrapper/dists/gradle-5.1.1-all/97z1ksx6lirer3kbvdnh7jtjg/gradle-5.1.1/lib/plugins/junit-platform-engine-1.3.1.jar
7fd7ea4db000-7fd7ea4dc000 r--s 00000000 08:04 2131165                    /home/duyenvu/.gradle/wrapper/dists/gradle-5.1.1-all/97z1ksx6lirer3kbvdnh7jtjg/gradle-5.1.1/lib/plugins/apiguardian-api-1.0.0.jar
7fd7ea4dc000-7fd7ea4df000 r--s 00015000 08:04 2131127                    /home/duyenvu/.gradle/wrapper/dists/gradle-5.1.1-all/97z1ksx6lirer3kbvdnh7jtjg/gradle-5.1.1/lib/plugins/junit-platform-launcher-1.3.1.jar
7fd7ea4df000-7fd7ea4e1000 r--s 00009000 08:04 2131144                    /home/duyenvu/.gradle/wrapper/dists/gradle-5.1.1-all/97z1ksx6lirer3kbvdnh7jtjg/gradle-5.1.1/lib/plugins/hamcrest-core-1.3.jar
7fd7ea4e1000-7fd7ea4e9000 r--s 00045000 08:04 2131125                    /home/duyenvu/.gradle/wrapper/dists/gradle-5.1.1-all/97z1ksx6lirer3kbvdnh7jtjg/gradle-5.1.1/lib/plugins/junit-4.12.jar
7fd7ea4e9000-7fd7ea4ea000 r--s 00003000 08:04 2118913                    /home/duyenvu/.gradle/wrapper/dists/gradle-5.1.1-all/97z1ksx6lirer3kbvdnh7jtjg/gradle-5.1.1/lib/plugins/gradle-testing-junit-platform-5.1.1.jar
7fd7ea4ea000-7fd7ea4f2000 r--s 00034000 08:04 2118923                    /home/duyenvu/.gradle/wrapper/dists/gradle-5.1.1-all/97z1ksx6lirer3kbvdnh7jtjg/gradle-5.1.1/lib/plugins/gradle-testing-base-5.1.1.jar
7fd7ea4f2000-7fd7ea4fa000 r--s 00047000 08:04 2131116                    /home/duyenvu/.gradle/wrapper/dists/gradle-5.1.1-all/97z1ksx6lirer3kbvdnh7jtjg/gradle-5.1.1/lib/plugins/bcpg-jdk15on-1.60.jar
7fd7ea4fa000-7fd7ea4fc000 r--s 0000e000 08:04 2118531                    /home/duyenvu/.gradle/wrapper/dists/gradle-5.1.1-all/97z1ksx6lirer3kbvdnh7jtjg/gradle-5.1.1/lib/plugins/gradle-signing-5.1.1.jar
7fd7ea4fc000-7fd7ea4fe000 r--s 00009000 08:04 2118901                    /home/duyenvu/.gradle/wrapper/dists/gradle-5.1.1-all/97z1ksx6lirer3kbvdnh7jtjg/gradle-5.1.1/lib/plugins/gradle-scala-5.1.1.jar
7fd7ea4fe000-7fd7ea4ff000 r--s 00004000 08:04 2118934                    /home/duyenvu/.gradle/wrapper/dists/gradle-5.1.1-all/97z1ksx6lirer3kbvdnh7jtjg/gradle-5.1.1/lib/plugins/gradle-resources-sftp-5.1.1.jar
7fd7ea4ff000-7fd7ea508000 r--s 0005b000 08:04 2118938                    /home/duyenvu/.gradle/wrapper/dists/gradle-5.1.1-all/97z1ksx6lirer3kbvdnh7jtjg/gradle-5.1.1/lib/plugins/aws-java-sdk-kms-1.11.407.jar
7fd7ea508000-7fd7ea50a000 r--s 00005000 08:04 2131133                    /home/duyenvu/.gradle/wrapper/dists/gradle-5.1.1-all/97z1ksx6lirer3kbvdnh7jtjg/gradle-5.1.1/lib/plugins/jmespath-java-1.11.407.jar
7fd7ea50a000-7fd7ea51d000 r--s 000ca000 08:04 2118937                    /home/duyenvu/.gradle/wrapper/dists/gradle-5.1.1-all/97z1ksx6lirer3kbvdnh7jtjg/gradle-5.1.1/lib/plugins/aws-java-sdk-s3-1.11.407.jar
7fd7ea51d000-7fd7ea527000 r--s 00081000 08:04 2131162                    /home/duyenvu/.gradle/wrapper/dists/gradle-5.1.1-all/97z1ksx6lirer3kbvdnh7jtjg/gradle-5.1.1/lib/plugins/ion-java-1.0.2.jar
7fd7ea527000-7fd7ea53d000 r--s 000ca000 08:04 2118939                    /home/duyenvu/.gradle/wrapper/dists/gradle-5.1.1-all/97z1ksx6lirer3kbvdnh7jtjg/gradle-5.1.1/lib/plugins/aws-java-sdk-core-1.11.407.jar
7fd7ea53d000-7fd7ea53f000 r--s 00004000 08:04 2118930                    /home/duyenvu/.gradle/wrapper/dists/gradle-5.1.1-all/97z1ksx6lirer3kbvdnh7jtjg/gradle-5.1.1/lib/plugins/gradle-resources-s3-5.1.1.jar
7fd7ea53f000-7fd7ea550000 r--s 0008c000 08:04 2131137                    /home/duyenvu/.gradle/wrapper/dists/gradle-5.1.1-all/97z1ksx6lirer3kbvdnh7jtjg/gradle-5.1.1/lib/plugins/joda-time-2.10.jar
7fd7ea550000-7fd7ea563000 r--s 00137000 08:04 2131134                    /home/duyenvu/.gradle/wrapper/dists/gradle-5.1.1-all/97z1ksx6lirer3kbvdnh7jtjg/gradle-5.1.1/lib/plugins/jackson-databind-2.9.6.jar
7fd7ea563000-7fd7ea566000 r--s 0000e000 08:04 2131136                    /home/duyenvu/.gradle/wrapper/dists/gradle-5.1.1-all/97z1ksx6lirer3kbvdnh7jtjg/gradle-5.1.1/lib/plugins/jackson-annotations-2.9.6.jar
7fd7ea566000-7fd7ea56b000 r--s 0004b000 08:04 2131135                    /home/duyenvu/.gradle/wrapper/dists/gradle-5.1.1-all/97z1ksx6lirer3kbvdnh7jtjg/gradle-5.1.1/lib/plugins/jackson-core-2.9.6.jar
7fd7ea56b000-7fd7ea56c000 r--s 00001000 08:04 2118946                    /home/duyenvu/.gradle/wrapper/dists/gradle-5.1.1-all/97z1ksx6lirer3kbvdnh7jtjg/gradle-5.1.1/lib/plugins/google-http-client-jackson2-1.25.0.jar
7fd7ea56c000-7fd7ea576000 r--s 00056000 08:04 2118947                    /home/duyenvu/.gradle/wrapper/dists/gradle-5.1.1-all/97z1ksx6lirer3kbvdnh7jtjg/gradle-5.1.1/lib/plugins/google-http-client-1.25.0.jar
7fd7ea576000-7fd7ea579000 r--s 0000d000 08:04 2118945                    /home/duyenvu/.gradle/wrapper/dists/gradle-5.1.1-all/97z1ksx6lirer3kbvdnh7jtjg/gradle-5.1.1/lib/plugins/google-oauth-client-1.25.0.jar
7fd7ea579000-7fd7ea57e000 r--s 0002d000 08:04 2118944                    /home/duyenvu/.gradle/wrapper/dists/gradle-5.1.1-all/97z1ksx6lirer3kbvdnh7jtjg/gradle-5.1.1/lib/plugins/google-api-client-1.25.0.jar
7fd7ea57e000-7fd7ea582000 r--s 0001d000 08:04 2118943                    /home/duyenvu/.gradle/wrapper/dists/gradle-5.1.1-all/97z1ksx6lirer3kbvdnh7jtjg/gradle-5.1.1/lib/plugins/google-api-services-storage-v1-rev136-1.25.0.jar
7fd7ea582000-7fd7ea584000 r--s 00003000 08:04 2118931                    /home/duyenvu/.gradle/wrapper/dists/gradle-5.1.1-all/97z1ksx6lirer3kbvdnh7jtjg/gradle-5.1.1/lib/plugins/gradle-resources-gcs-5.1.1.jar
7fd7ea584000-7fd7ea586000 r--s 00010000 08:04 2118929                    /home/duyenvu/.gradle/wrapper/dists/gradle-5.1.1-all/97z1ksx6lirer3kbvdnh7jtjg/gradle-5.1.1/lib/plugins/gradle-reporting-5.1.1.jar
7fd7ea586000-7fd7ea588000 r--s 00007000 08:04 2118922                    /home/duyenvu/.gradle/wrapper/dists/gradle-5.1.1-all/97z1ksx6lirer3kbvdnh7jtjg/gradle-5.1.1/lib/plugins/gradle-publish-5.1.1.jar
7fd7ea588000-7fd7ea58a000 r--s 0000c000 08:04 2118951                    /home/duyenvu/.gradle/wrapper/dists/gradle-5.1.1-all/97z1ksx6lirer3kbvdnh7jtjg/gradle-5.1.1/lib/plugins/commons-cli-1.4.jar
7fd7ea58a000-7fd7ea591000 r--s 0003e000 08:04 2118910                    /home/duyenvu/.gradle/wrapper/dists/gradle-5.1.1-all/97z1ksx6lirer3kbvdnh7jtjg/gradle-5.1.1/lib/plugins/gradle-plugins-5.1.1.jar
7fd7ea591000-7fd7ea593000 r--s 0000c000 08:04 2118581                    /home/duyenvu/.gradle/wrapper/dists/gradle-5.1.1-all/97z1ksx6lirer3kbvdnh7jtjg/gradle-5.1.1/lib/plugins/gradle-plugin-development-5.1.1.jar
7fd7ea593000-7fd7ea599000 r--s 00030000 08:04 2118904                    /home/duyenvu/.gradle/wrapper/dists/gradle-5.1.1-all/97z1ksx6lirer3kbvdnh7jtjg/gradle-5.1.1/lib/plugins/gradle-platform-play-5.1.1.jar
7fd7ea599000-7fd7ea59f000 r--s 0003d000 08:04 2131123                    /home/duyenvu/.gradle/wrapper/dists/gradle-5.1.1-all/97z1ksx6lirer3kbvdnh7jtjg/gradle-5.1.1/lib/plugins/snakeyaml-1.17.jar
7fd7ea59f000-7fd7ea5b0000 r--s 00076000 08:04 2118920                    /home/duyenvu/.gradle/wrapper/dists/gradle-5.1.1-all/97z1ksx6lirer3kbvdnh7jtjg/gradle-5.1.1/lib/plugins/gradle-platform-native-5.1.1.jar
7fd7ea5b0000-7fd7ea5b4000 r--s 0001b000 08:04 2118919                    /home/duyenvu/.gradle/wrapper/dists/gradle-5.1.1-all/97z1ksx6lirer3kbvdnh7jtjg/gradle-5.1.1/lib/plugins/gradle-platform-jvm-5.1.1.jar
7fd7ea5b4000-7fd7ea5bb000 r--s 00029000 08:04 2118924                    /home/duyenvu/.gradle/wrapper/dists/gradle-5.1.1-all/97z1ksx6lirer3kbvdnh7jtjg/gradle-5.1.1/lib/plugins/gradle-platform-base-5.1.1.jar
7fd7ea5bb000-7fd7ea5e8000 r--s 0025e000 08:04 2118952                    /home/duyenvu/.gradle/wrapper/dists/gradle-5.1.1-all/97z1ksx6lirer3kbvdnh7jtjg/gradle-5.1.1/lib/plugins/biz.aQute.bndlib-4.0.0.jar
7fd7ea5e8000-7fd7ea5e9000 r--s 00004000 08:04 2118528                    /home/duyenvu/.gradle/wrapper/dists/gradle-5.1.1-all/97z1ksx6lirer3kbvdnh7jtjg/gradle-5.1.1/lib/plugins/gradle-osgi-5.1.1.jar
7fd7ea5e9000-7fd7ea5ec000 r--s 0000c000 08:04 2120025                    /home/duyenvu/.gradle/wrapper/dists/gradle-5.1.1-all/97z1ksx6lirer3kbvdnh7jtjg/gradle-5.1.1/lib/plugins/pmaven-groovy-0.8-20100325.jar
7fd7ea5ec000-7fd7ea5ed000 r--s 00004000 08:04 2118956                    /home/duyenvu/.gradle/wrapper/dists/gradle-5.1.1-all/97z1ksx6lirer3kbvdnh7jtjg/gradle-5.1.1/lib/plugins/pmaven-common-0.8-20100325.jar
7fd7ea5ed000-7fd7ea5ee000 r--s 00008000 08:04 2118942                    /home/duyenvu/.gradle/wrapper/dists/gradle-5.1.1-all/97z1ksx6lirer3kbvdnh7jtjg/gradle-5.1.1/lib/plugins/wagon-http-shared-3.0.0.jar
7fd7ea5ee000-7fd7ea5ef000 r--s 00002000 08:04 2118941                    /home/duyenvu/.gradle/wrapper/dists/gradle-5.1.1-all/97z1ksx6lirer3kbvdnh7jtjg/gradle-5.1.1/lib/plugins/wagon-http-3.0.0.jar
7fd7ea5ef000-7fd7ea5f0000 r--s 00002000 08:04 2120040                    /home/duyenvu/.gradle/wrapper/dists/gradle-5.1.1-all/97z1ksx6lirer3kbvdnh7jtjg/gradle-5.1.1/lib/plugins/wagon-file-3.0.0.jar
7fd7ea5f0000-7fd7ea5f2000 r--s 00006000 08:04 2127864                    /home/duyenvu/.gradle/wrapper/dists/gradle-5.1.1-all/97z1ksx6lirer3kbvdnh7jtjg/gradle-5.1.1/lib/plugins/aether-connector-wagon-1.13.1.jar
7fd7ea5f2000-7fd7ea5f8000 r--s 0002e000 08:04 2118582                    /home/duyenvu/.gradle/wrapper/dists/gradle-5.1.1-all/97z1ksx6lirer3kbvdnh7jtjg/gradle-5.1.1/lib/plugins/gradle-maven-5.1.1.jar
7fd7ea5f8000-7fd7ea5fb000 r--s 0000b000 08:04 2118912                    /home/duyenvu/.gradle/wrapper/dists/gradle-5.1.1-all/97z1ksx6lirer3kbvdnh7jtjg/gradle-5.1.1/lib/plugins/gradle-language-scala-5.1.1.jar
7fd7ea5fb000-7fd7ea607000 r--s 00059000 08:04 2118580                    /home/duyenvu/.gradle/wrapper/dists/gradle-5.1.1-all/97z1ksx6lirer3kbvdnh7jtjg/gradle-5.1.1/lib/plugins/gradle-language-native-5.1.1.jar
7fd7ea607000-7fd7ea60a000 r--s 00004000 08:04 2118918                    /home/duyenvu/.gradle/wrapper/dists/gradle-5.1.1-all/97z1ksx6lirer3kbvdnh7jtjg/gradle-5.1.1/lib/plugins/gradle-language-jvm-5.1.1.jar
7fd7ea60a000-7fd7ea613000 r--s 00040000 08:04 2118916                    /home/duyenvu/.gradle/wrapper/dists/gradle-5.1.1-all/97z1ksx6lirer3kbvdnh7jtjg/gradle-5.1.1/lib/plugins/gradle-language-java-5.1.1.jar
7fd7ea613000-7fd7ea615000 r--s 0000b000 08:04 2118911                    /home/duyenvu/.gradle/wrapper/dists/gradle-5.1.1-all/97z1ksx6lirer3kbvdnh7jtjg/gradle-5.1.1/lib/plugins/gradle-language-groovy-5.1.1.jar
7fd7ea615000-7fd7ea61c000 r--s 00035000 08:04 2131119                    /home/duyenvu/.gradle/wrapper/dists/gradle-5.1.1-all/97z1ksx6lirer3kbvdnh7jtjg/gradle-5.1.1/lib/plugins/simple-4.1.21.jar
7fd7ea61c000-7fd7ea629000 r--s 00125000 08:04 2131117                    /home/duyenvu/.gradle/wrapper/dists/gradle-5.1.1-all/97z1ksx6lirer3kbvdnh7jtjg/gradle-5.1.1/lib/plugins/rhino-1.7.10.jar
7fd7ea629000-7fd7ea62d000 r--s 00012000 08:04 2118905                    /home/duyenvu/.gradle/wrapper/dists/gradle-5.1.1-all/97z1ksx6lirer3kbvdnh7jtjg/gradle-5.1.1/lib/plugins/gradle-javascript-5.1.1.jar
7fd7ea62d000-7fd7ea630000 r--s 00011000 08:04 2118907                    /home/duyenvu/.gradle/wrapper/dists/gradle-5.1.1-all/97z1ksx6lirer3kbvdnh7jtjg/gradle-5.1.1/lib/plugins/gradle-jacoco-5.1.1.jar
7fd7ea630000-7fd7ea633000 r--s 00013000 08:04 2118906                    /home/duyenvu/.gradle/wrapper/dists/gradle-5.1.1-all/97z1ksx6lirer3kbvdnh7jtjg/gradle-5.1.1/lib/plugins/gradle-ivy-5.1.1.jar
7fd7ea633000-7fd7ea634000 r--s 00002000 08:04 2118584                    /home/duyenvu/.gradle/wrapper/dists/gradle-5.1.1-all/97z1ksx6lirer3kbvdnh7jtjg/gradle-5.1.1/lib/plugins/gradle-ide-play-5.1.1.jar
7fd7ea634000-7fd7ea636000 r--s 00011000 08:04 2131124                    /home/duyenvu/.gradle/wrapper/dists/gradle-5.1.1-all/97z1ksx6lirer3kbvdnh7jtjg/gradle-5.1.1/lib/plugins/dd-plist-1.21.jar
7fd7ea636000-7fd7ea63d000 r--s 00033000 08:04 2118574                    /home/duyenvu/.gradle/wrapper/dists/gradle-5.1.1-all/97z1ksx6lirer3kbvdnh7jtjg/gradle-5.1.1/lib/plugins/gradle-ide-native-5.1.1.jar
7fd7ea63d000-7fd7ea647000 r--s 0005e000 08:04 2118900                    /home/duyenvu/.gradle/wrapper/dists/gradle-5.1.1-all/97z1ksx6lirer3kbvdnh7jtjg/gradle-5.1.1/lib/plugins/gradle-ide-5.1.1.jar
7fd7ea647000-7fd7ea649000 r--s 00008000 08:04 2118903                    /home/duyenvu/.gradle/wrapper/dists/gradle-5.1.1-all/97z1ksx6lirer3kbvdnh7jtjg/gradle-5.1.1/lib/plugins/gradle-ear-5.1.1.jar
7fd7ea649000-7fd7ea64b000 r--s 00006000 08:04 2131120                    /home/duyenvu/.gradle/wrapper/dists/gradle-5.1.1-all/97z1ksx6lirer3kbvdnh7jtjg/gradle-5.1.1/lib/plugins/jatl-0.2.3.jar
7fd7ea64b000-7fd7ea652000 r--s 0003d000 08:04 2118921                    /home/duyenvu/.gradle/wrapper/dists/gradle-5.1.1-all/97z1ksx6lirer3kbvdnh7jtjg/gradle-5.1.1/lib/plugins/gradle-diagnostics-5.1.1.jar
7fd7ea652000-7fd7ea657000 r--s 00028000 08:04 2118524                    /home/duyenvu/.gradle/wrapper/dists/gradle-5.1.1-all/97z1ksx6lirer3kbvdnh7jtjg/gradle-5.1.1/lib/plugins/gradle-code-quality-5.1.1.jar
7fd7ea657000-7fd7ea659000 r--s 0000b000 08:04 2131121                    /home/duyenvu/.gradle/wrapper/dists/gradle-5.1.1-all/97z1ksx6lirer3kbvdnh7jtjg/gradle-5.1.1/lib/plugins/maven-plugin-api-3.0.4.jar
7fd7ea659000-7fd7ea65b000 r--s 0000c000 08:04 2131159                    /home/duyenvu/.gradle/wrapper/dists/gradle-5.1.1-all/97z1ksx6lirer3kbvdnh7jtjg/gradle-5.1.1/lib/plugins/wagon-provider-api-3.0.0.jar
7fd7ea65b000-7fd7ea661000 r--s 0003f000 08:04 2118954                    /home/duyenvu/.gradle/wrapper/dists/gradle-5.1.1-all/97z1ksx6lirer3kbvdnh7jtjg/gradle-5.1.1/lib/plugins/maven-compat-3.0.4.jar
7fd7ea661000-7fd7ea664000 r--s 0000a000 08:04 2131156                    /home/duyenvu/.gradle/wrapper/dists/gradle-5.1.1-all/97z1ksx6lirer3kbvdnh7jtjg/gradle-5.1.1/lib/plugins/plexus-classworlds-2.5.1.jar
7fd7ea664000-7fd7ea668000 r--s 00021000 08:04 2131161                    /home/duyenvu/.gradle/wrapper/dists/gradle-5.1.1-all/97z1ksx6lirer3kbvdnh7jtjg/gradle-5.1.1/lib/plugins/xbean-reflect-3.7.jar
7fd7ea668000-7fd7ea66f000 r--s 00032000 08:04 2120045                    /home/duyenvu/.gradle/wrapper/dists/gradle-5.1.1-all/97z1ksx6lirer3kbvdnh7jtjg/gradle-5.1.1/lib/plugins/plexus-container-default-1.7.1.jar
7fd7ea66f000-7fd7ea675000 r--s 0002e000 08:04 2118908                    /home/duyenvu/.gradle/wrapper/dists/gradle-5.1.1-all/97z1ksx6lirer3kbvdnh7jtjg/gradle-5.1.1/lib/plugins/gradle-build-init-5.1.1.jar
7fd7ea675000-7fd7ea67b000 r--s 0002e000 08:04 2118902                    /home/duyenvu/.gradle/wrapper/dists/gradle-5.1.1-all/97z1ksx6lirer3kbvdnh7jtjg/gradle-5.1.1/lib/plugins/gradle-build-comparison-5.1.1.jar
7fd7ea67b000-7fd7ea67c000 r--s 00002000 08:04 2118932                    /home/duyenvu/.gradle/wrapper/dists/gradle-5.1.1-all/97z1ksx6lirer3kbvdnh7jtjg/gradle-5.1.1/lib/plugins/gradle-build-cache-http-5.1.1.jar
7fd7ea67c000-7fd7ea67e000 r--s 00009000 08:04 2118522                    /home/duyenvu/.gradle/wrapper/dists/gradle-5.1.1-all/97z1ksx6lirer3kbvdnh7jtjg/gradle-5.1.1/lib/plugins/gradle-antlr-5.1.1.jar
7fd7ea67e000-7fd7ea67f000 r--s 00005000 08:04 2118521                    /home/duyenvu/.gradle/wrapper/dists/gradle-5.1.1-all/97z1ksx6lirer3kbvdnh7jtjg/gradle-5.1.1/lib/plugins/gradle-announce-5.1.1.jar
7fd7ea67f000-7fd7ea682000 r--s 00016000 08:04 1861885                    /home/duyenvu/.gradle/wrapper/dists/gradle-5.1.1-all/97z1ksx6lirer3kbvdnh7jtjg/gradle-5.1.1/lib/gradle-kotlin-dsl-tooling-builders-1.1.1.jar
7fd7ea682000-7fd7ea684000 r--s 00006000 08:04 1861884                    /home/duyenvu/.gradle/wrapper/dists/gradle-5.1.1-all/97z1ksx6lirer3kbvdnh7jtjg/gradle-5.1.1/lib/gradle-kotlin-dsl-provider-plugins-1.1.1.jar
7fd7ea684000-7fd7ea685000 r--s 00000000 08:04 1861898                    /home/duyenvu/.gradle/wrapper/dists/gradle-5.1.1-all/97z1ksx6lirer3kbvdnh7jtjg/gradle-5.1.1/lib/gradle-runtime-api-info-5.1.1.jar
7fd7ea685000-7fd7ea68a000 r--s 00040000 08:04 2131131                    /home/duyenvu/.gradle/wrapper/dists/gradle-5.1.1-all/97z1ksx6lirer3kbvdnh7jtjg/gradle-5.1.1/lib/plugins/jsch-0.1.54.jar
7fd7ea68a000-7fd7ea68c000 r--s 00010000 08:04 2131147                    /home/duyenvu/.gradle/wrapper/dists/gradle-5.1.1-all/97z1ksx6lirer3kbvdnh7jtjg/gradle-5.1.1/lib/plugins/jzlib-1.1.3.jar
7fd7ea68c000-7fd7ea6b1000 r--s 00265000 08:04 2118940                    /home/duyenvu/.gradle/wrapper/dists/gradle-5.1.1-all/97z1ksx6lirer3kbvdnh7jtjg/gradle-5.1.1/lib/plugins/org.eclipse.jgit-5.0.3.201809091024-r.jar
7fd7ea6b1000-7fd7ea6b3000 r--s 0000c000 08:04 2118926                    /home/duyenvu/.gradle/wrapper/dists/gradle-5.1.1-all/97z1ksx6lirer3kbvdnh7jtjg/gradle-5.1.1/lib/plugins/gradle-version-control-5.1.1.jar
7fd7ea6b3000-7fd7ea6cc000 r--s 0013a000 08:04 2131130                    /home/duyenvu/.gradle/wrapper/dists/gradle-5.1.1-all/97z1ksx6lirer3kbvdnh7jtjg/gradle-5.1.1/lib/plugins/xercesImpl-2.12.0.jar
7fd7ea6cc000-7fd7ea6ce000 r--s 0001d000 08:04 2131129                    /home/duyenvu/.gradle/wrapper/dists/gradle-5.1.1-all/97z1ksx6lirer3kbvdnh7jtjg/gradle-5.1.1/lib/plugins/nekohtml-1.9.22.jar
7fd7ea6ce000-7fd7ea6d4000 r--s 0005b000 08:04 2131128                    /home/duyenvu/.gradle/wrapper/dists/gradle-5.1.1-all/97z1ksx6lirer3kbvdnh7jtjg/gradle-5.1.1/lib/plugins/jcifs-1.3.17.jar
7fd7ea6d4000-7fd7ea6db000 r--s 0004b000 08:04 2118949                    /home/duyenvu/.gradle/wrapper/dists/gradle-5.1.1-all/97z1ksx6lirer3kbvdnh7jtjg/gradle-5.1.1/lib/plugins/commons-codec-1.11.jar
7fd7ea6db000-7fd7ea6e2000 r--s 00049000 08:04 2131145                    /home/duyenvu/.gradle/wrapper/dists/gradle-5.1.1-all/97z1ksx6lirer3kbvdnh7jtjg/gradle-5.1.1/lib/plugins/httpcore-4.4.10.jar
7fd7ea6e2000-7fd7ea6ef000 r--s 000af000 08:04 2118948                    /home/duyenvu/.gradle/wrapper/dists/gradle-5.1.1-all/97z1ksx6lirer3kbvdnh7jtjg/gradle-5.1.1/lib/plugins/httpclient-4.5.6.jar
7fd7ea6ef000-7fd7ea6f1000 r--s 0000e000 08:04 2118933                    /home/duyenvu/.gradle/wrapper/dists/gradle-5.1.1-all/97z1ksx6lirer3kbvdnh7jtjg/gradle-5.1.1/lib/plugins/gradle-resources-http-5.1.1.jar
7fd7ea6f1000-7fd7ea6f4000 r--s 0000c000 08:04 2118925                    /home/duyenvu/.gradle/wrapper/dists/gradle-5.1.1-all/97z1ksx6lirer3kbvdnh7jtjg/gradle-5.1.1/lib/plugins/gradle-plugin-use-5.1.1.jar
7fd7ea6f4000-7fd7ea6f7000 r--s 0000d000 08:04 2118928                    /home/duyenvu/.gradle/wrapper/dists/gradle-5.1.1-all/97z1ksx6lirer3kbvdnh7jtjg/gradle-5.1.1/lib/plugins/gradle-composite-builds-5.1.1.jar
7fd7ea6f7000-7fd7ea6f8000 r--s 00000000 08:04 1861901                    /home/duyenvu/.gradle/wrapper/dists/gradle-5.1.1-all/97z1ksx6lirer3kbvdnh7jtjg/gradle-5.1.1/lib/gradle-installation-beacon-5.1.1.jar
7fd7ea6f8000-7fd7ea6fa000 r--s 00006000 08:04 2131151                    /home/duyenvu/.gradle/wrapper/dists/gradle-5.1.1-all/97z1ksx6lirer3kbvdnh7jtjg/gradle-5.1.1/lib/plugins/maven-repository-metadata-3.0.4.jar
7fd7ea6fa000-7fd7ea6fc000 r--s 0000c000 08:04 2131139                    /home/duyenvu/.gradle/wrapper/dists/gradle-5.1.1-all/97z1ksx6lirer3kbvdnh7jtjg/gradle-5.1.1/lib/plugins/maven-aether-provider-3.0.4.jar
7fd7ea6fc000-7fd7ea6fd000 r--s 00003000 08:04 2131141                    /home/duyenvu/.gradle/wrapper/dists/gradle-5.1.1-all/97z1ksx6lirer3kbvdnh7jtjg/gradle-5.1.1/lib/plugins/aether-spi-1.13.1.jar
7fd7ea6fd000-7fd7ea700000 r--s 0001d000 08:04 2131140                    /home/duyenvu/.gradle/wrapper/dists/gradle-5.1.1-all/97z1ksx6lirer3kbvdnh7jtjg/gradle-5.1.1/lib/plugins/aether-impl-1.13.1.jar
7fd7ea700000-7fd7ea704000 r--s 0001c000 08:04 2131142                    /home/duyenvu/.gradle/wrapper/dists/gradle-5.1.1-all/97z1ksx6lirer3kbvdnh7jtjg/gradle-5.1.1/lib/plugins/aether-util-1.13.1.jar
7fd7ea704000-7fd7ea707000 r--s 00013000 08:04 2131143                    /home/duyenvu/.gradle/wrapper/dists/gradle-5.1.1-all/97z1ksx6lirer3kbvdnh7jtjg/gradle-5.1.1/lib/plugins/aether-api-1.13.1.jar
7fd7ea707000-7fd7ea709000 r--s 0000b000 08:04 2131148                    /home/duyenvu/.gradle/wrapper/dists/gradle-5.1.1-all/97z1ksx6lirer3kbvdnh7jtjg/gradle-5.1.1/lib/plugins/maven-artifact-3.0.4.jar
7fd7ea709000-7fd7ea70d000 r--s 00021000 08:04 2131149                    /home/duyenvu/.gradle/wrapper/dists/gradle-5.1.1-all/97z1ksx6lirer3kbvdnh7jtjg/gradle-5.1.1/lib/plugins/maven-model-builder-3.0.4.jar
7fd7ea70d000-7fd7ea70f000 r--s 00026000 08:04 2131150                    /home/duyenvu/.gradle/wrapper/dists/gradle-5.1.1-all/97z1ksx6lirer3kbvdnh7jtjg/gradle-5.1.1/lib/plugins/maven-model-3.0.4.jar
7fd7ea70f000-7fd7ea711000 r--s 0000a000 08:04 2131153                    /home/duyenvu/.gradle/wrapper/dists/gradle-5.1.1-all/97z1ksx6lirer3kbvdnh7jtjg/gradle-5.1.1/lib/plugins/maven-settings-3.0.4.jar
7fd7ea711000-7fd7ea713000 r--s 00002000 08:04 2131155                    /home/duyenvu/.gradle/wrapper/dists/gradle-5.1.1-all/97z1ksx6lirer3kbvdnh7jtjg/gradle-5.1.1/lib/plugins/plexus-cipher-1.7.jar
7fd7ea713000-7fd7ea715000 r--s 00000000 08:04 2131157                    /home/duyenvu/.gradle/wrapper/dists/gradle-5.1.1-all/97z1ksx6lirer3kbvdnh7jtjg/gradle-5.1.1/lib/plugins/plexus-component-annotations-1.5.5.jar
7fd7ea715000-7fd7ea719000 r--s 0003c000 08:04 2131160                    /home/duyenvu/.gradle/wrapper/dists/gradle-5.1.1-all/97z1ksx6lirer3kbvdnh7jtjg/gradle-5.1.1/lib/plugins/plexus-utils-3.1.0.jar
7fd7ea719000-7fd7ea72e000 r--s 00116000 08:04 2118953                    /home/duyenvu/.gradle/wrapper/dists/gradle-5.1.1-all/97z1ksx6lirer3kbvdnh7jtjg/gradle-5.1.1/lib/plugins/ivy-2.3.0.jar
7fd7ea72e000-7fd7ea786000 r--s 003a7000 08:04 2131138                    /home/duyenvu/.gradle/wrapper/dists/gradle-5.1.1-all/97z1ksx6lirer3kbvdnh7jtjg/gradle-5.1.1/lib/plugins/bcprov-jdk15on-1.60.jar
7fd7ea786000-7fd7ea7b8000 r--s 001a9000 08:04 2118927                    /home/duyenvu/.gradle/wrapper/dists/gradle-5.1.1-all/97z1ksx6lirer3kbvdnh7jtjg/gradle-5.1.1/lib/plugins/gradle-dependency-management-5.1.1.jar
7fd7ea7b8000-7fd7ea7cf000 r-xp 00000000 08:02 529001                     /lib/x86_64-linux-gnu/libgcc_s.so.1
7fd7ea7cf000-7fd7ea9ce000 ---p 00017000 08:02 529001                     /lib/x86_64-linux-gnu/libgcc_s.so.1
7fd7ea9ce000-7fd7ea9cf000 r--p 00016000 08:02 529001                     /lib/x86_64-linux-gnu/libgcc_s.so.1
7fd7ea9cf000-7fd7ea9d0000 rw-p 00017000 08:02 529001                     /lib/x86_64-linux-gnu/libgcc_s.so.1
7fd7ea9d0000-7fd7eab49000 r-xp 00000000 08:02 5505859                    /usr/lib/x86_64-linux-gnu/libstdc++.so.6.0.25
7fd7eab49000-7fd7ead49000 ---p 00179000 08:02 5505859                    /usr/lib/x86_64-linux-gnu/libstdc++.so.6.0.25
7fd7ead49000-7fd7ead53000 r--p 00179000 08:02 5505859                    /usr/lib/x86_64-linux-gnu/libstdc++.so.6.0.25
7fd7ead53000-7fd7ead55000 rw-p 00183000 08:02 5505859                    /usr/lib/x86_64-linux-gnu/libstdc++.so.6.0.25
7fd7ead55000-7fd7ead59000 rw-p 00000000 00:00 0 
7fd7ead59000-7fd7ead5a000 r--s 00006000 08:04 2131154                    /home/duyenvu/.gradle/wrapper/dists/gradle-5.1.1-all/97z1ksx6lirer3kbvdnh7jtjg/gradle-5.1.1/lib/plugins/plexus-sec-dispatcher-1.3.jar
7fd7ead5a000-7fd7ead5c000 r--s 0000d000 08:04 2131158                    /home/duyenvu/.gradle/wrapper/dists/gradle-5.1.1-all/97z1ksx6lirer3kbvdnh7jtjg/gradle-5.1.1/lib/plugins/plexus-interpolation-1.14.jar
7fd7ead5c000-7fd7ead5f000 r--s 00008000 08:04 2131152                    /home/duyenvu/.gradle/wrapper/dists/gradle-5.1.1-all/97z1ksx6lirer3kbvdnh7jtjg/gradle-5.1.1/lib/plugins/maven-settings-builder-3.0.4.jar
7fd7ead5f000-7fd7ead6b000 r--s 0007d000 08:04 2118955                    /home/duyenvu/.gradle/wrapper/dists/gradle-5.1.1-all/97z1ksx6lirer3kbvdnh7jtjg/gradle-5.1.1/lib/plugins/maven-core-3.0.4.jar
7fd7ead6b000-7fd7ead70000 r--s 00036000 08:04 2131118                    /home/duyenvu/.gradle/wrapper/dists/gradle-5.1.1-all/97z1ksx6lirer3kbvdnh7jtjg/gradle-5.1.1/lib/plugins/gson-2.8.5.jar
7fd7ead70000-7fd7ead71000 r--s 00013000 08:04 2118950                    /home/duyenvu/.gradle/wrapper/dists/gradle-5.1.1-all/97z1ksx6lirer3kbvdnh7jtjg/gradle-5.1.1/lib/plugins/asm-util-7.0.jar
7fd7ead71000-7fd7ead73000 r--s 0000f000 08:04 2118936                    /home/duyenvu/.gradle/wrapper/dists/gradle-5.1.1-all/97z1ksx6lirer3kbvdnh7jtjg/gradle-5.1.1/lib/plugins/gradle-workers-5.1.1.jar
7fd7ead73000-7fd7ead78000 r-xp 00000000 08:04 1447990                    /home/duyenvu/.gradle/native/25/linux-amd64/libnative-platform.so
7fd7ead78000-7fd7eaf77000 ---p 00005000 08:04 1447990                    /home/duyenvu/.gradle/native/25/linux-amd64/libnative-platform.so
7fd7eaf77000-7fd7eaf78000 rw-p 00004000 08:04 1447990                    /home/duyenvu/.gradle/native/25/linux-amd64/libnative-platform.so
7fd7eaf78000-7fd7eaf88000 r-xp 00000000 07:05 3413                       /snap/android-studio/76/android-studio/jre/jre/lib/amd64/libnio.so
7fd7eaf88000-7fd7eaf89000 rw-p 00010000 07:05 3413                       /snap/android-studio/76/android-studio/jre/jre/lib/amd64/libnio.so
7fd7eaf89000-7fd7eaf9f000 r-xp 00000000 07:05 3412                       /snap/android-studio/76/android-studio/jre/jre/lib/amd64/libnet.so
7fd7eaf9f000-7fd7eafa0000 rw-p 00016000 07:05 3412                       /snap/android-studio/76/android-studio/jre/jre/lib/amd64/libnet.so
7fd7eafa0000-7fd7eafa1000 r--s 00006000 08:04 1861900                    /home/duyenvu/.gradle/wrapper/dists/gradle-5.1.1-all/97z1ksx6lirer3kbvdnh7jtjg/gradle-5.1.1/lib/gradle-wrapper-5.1.1.jar
7fd7eafa1000-7fd7eafb0000 r--s 0004b000 08:04 1861899                    /home/duyenvu/.gradle/wrapper/dists/gradle-5.1.1-all/97z1ksx6lirer3kbvdnh7jtjg/gradle-5.1.1/lib/gradle-tooling-api-5.1.1.jar
7fd7eafb0000-7fd7eafbf000 r--s 00231000 08:04 1861895                    /home/duyenvu/.gradle/wrapper/dists/gradle-5.1.1-all/97z1ksx6lirer3kbvdnh7jtjg/gradle-5.1.1/lib/kotlinx-metadata-jvm-0.0.4.jar
7fd7eafbf000-7fd7eafc1000 r--s 00002000 08:04 1861894                    /home/duyenvu/.gradle/wrapper/dists/gradle-5.1.1-all/97z1ksx6lirer3kbvdnh7jtjg/gradle-5.1.1/lib/kotlin-stdlib-jdk8-1.3.11.jar
7fd7eafc1000-7fd7eafc2000 r--s 00000000 08:04 1861893                    /home/duyenvu/.gradle/wrapper/dists/gradle-5.1.1-all/97z1ksx6lirer3kbvdnh7jtjg/gradle-5.1.1/lib/kotlin-stdlib-jdk7-1.3.11.jar
7fd7eafc2000-7fd7eafc9000 r--s 0001e000 08:04 1861892                    /home/duyenvu/.gradle/wrapper/dists/gradle-5.1.1-all/97z1ksx6lirer3kbvdnh7jtjg/gradle-5.1.1/lib/kotlin-stdlib-common-1.3.11.jar
7fd7eafc9000-7fd7eafdc000 r--s 0010e000 08:04 1861891                    /home/duyenvu/.gradle/wrapper/dists/gradle-5.1.1-all/97z1ksx6lirer3kbvdnh7jtjg/gradle-5.1.1/lib/kotlin-stdlib-1.3.11.jar
7fd7eafdc000-7fd7eafde000 r--s 00009000 08:04 1861890                    /home/duyenvu/.gradle/wrapper/dists/gradle-5.1.1-all/97z1ksx6lirer3kbvdnh7jtjg/gradle-5.1.1/lib/kotlin-script-runtime-1.3.11.jar
7fd7eafde000-7fd7eafdf000 r--s 00002000 08:04 1861889                    /home/duyenvu/.gradle/wrapper/dists/gradle-5.1.1-all/97z1ksx6lirer3kbvdnh7jtjg/gradle-5.1.1/lib/kotlin-sam-with-receiver-compiler-plugin-1.3.11.jar
7fd7eafdf000-7fd7eb015000 r--s 00250000 08:04 1861888                    /home/duyenvu/.gradle/wrapper/dists/gradle-5.1.1-all/97z1ksx6lirer3kbvdnh7jtjg/gradle-5.1.1/lib/kotlin-reflect-1.3.11.jar
7fd7eb015000-7fd7eb1ee000 r--s 01b06000 08:04 1861887                    /home/duyenvu/.gradle/wrapper/dists/gradle-5.1.1-all/97z1ksx6lirer3kbvdnh7jtjg/gradle-5.1.1/lib/kotlin-compiler-embeddable-1.3.11.jar
7fd7eb1ee000-7fd7eb1ef000 r--s 00001000 08:04 1861886                    /home/duyenvu/.gradle/wrapper/dists/gradle-5.1.1-all/97z1ksx6lirer3kbvdnh7jtjg/gradle-5.1.1/lib/gradle-kotlin-dsl-tooling-models-1.1.1.jar
7fd7eb1ef000-7fd7eb1f1000 r--s 00003000 08:04 1861882                    /home/duyenvu/.gradle/wrapper/dists/gradle-5.1.1-all/97z1ksx6lirer3kbvdnh7jtjg/gradle-5.1.1/lib/annotations-13.0.jar
7fd7eb1f1000-7fd7eb20b000 r--s 0014e000 08:04 1861883                    /home/duyenvu/.gradle/wrapper/dists/gradle-5.1.1-all/97z1ksx6lirer3kbvdnh7jtjg/gradle-5.1.1/lib/gradle-kotlin-dsl-1.1.1.jar
7fd7eb20b000-7fd7eb20e000 r--s 00010000 08:04 1861904                    /home/duyenvu/.gradle/wrapper/dists/gradle-5.1.1-all/97z1ksx6lirer3kbvdnh7jtjg/gradle-5.1.1/lib/gradle-execution-5.1.1.jar
7fd7eb20e000-7fd7eb212000 r--s 0001a000 08:04 1861907                    /home/duyenvu/.gradle/wrapper/dists/gradle-5.1.1-all/97z1ksx6lirer3kbvdnh7jtjg/gradle-5.1.1/lib/gradle-files-5.1.1.jar
7fd7eb212000-7fd7eb297000 r--s 007a7000 08:04 1861937                    /home/duyenvu/.gradle/wrapper/dists/gradle-5.1.1-all/97z1ksx6lirer3kbvdnh7jtjg/gradle-5.1.1/lib/groovy-all-1.0-2.5.4.jar
7fd7eb297000-7fd7eb298000 ---p 00000000 00:00 0 
7fd7eb298000-7fd7eb398000 rw-p 00000000 00:00 0 
7fd7eb398000-7fd7eb39b000 ---p 00000000 00:00 0 
7fd7eb39b000-7fd7eb499000 rw-p 00000000 00:00 0 
7fd7eb499000-7fd7eb49a000 ---p 00000000 00:00 0 
7fd7eb49a000-7fd7eb49d000 ---p 00000000 00:00 0 
7fd7eb49d000-7fd7eb59a000 rw-p 00000000 00:00 0 
7fd7eb59a000-7fd7eb59b000 ---p 00000000 00:00 0 
7fd7eb59b000-7fd7eb59e000 ---p 00000000 00:00 0 
7fd7eb59e000-7fd7eb69b000 rw-p 00000000 00:00 0 
7fd7eb69b000-7fd7eb69c000 ---p 00000000 00:00 0 
7fd7eb69c000-7fd7eb69f000 ---p 00000000 00:00 0 
7fd7eb69f000-7fd7eb79c000 rw-p 00000000 00:00 0 
7fd7eb79c000-7fd7eb79f000 ---p 00000000 00:00 0 
7fd7eb79f000-7fd7eb89d000 rw-p 00000000 00:00 0 
7fd7eb89d000-7fd7ebcfd000 r--p 00000000 08:02 5511744                    /usr/lib/locale/locale-archive
7fd7ebcfd000-7fd7ebd00000 ---p 00000000 00:00 0 
7fd7ebd00000-7fd7ebdfe000 rw-p 00000000 00:00 0 
7fd7ebdfe000-7fd7ebe01000 ---p 00000000 00:00 0 
7fd7ebe01000-7fd7ebeff000 rw-p 00000000 00:00 0 
7fd7ebeff000-7fd7ebf00000 ---p 00000000 00:00 0 
7fd7ebf00000-7fd7ec000000 rw-p 00000000 00:00 0 
7fd7ec000000-7fd7ec042000 rw-p 00000000 00:00 0 
7fd7ec042000-7fd7f0000000 ---p 00000000 00:00 0 
7fd7f0000000-7fd7f0002000 r--s 00007000 08:04 1861905                    /home/duyenvu/.gradle/wrapper/dists/gradle-5.1.1-all/97z1ksx6lirer3kbvdnh7jtjg/gradle-5.1.1/lib/gradle-build-cache-packaging-5.1.1.jar
7fd7f0002000-7fd7f0007000 r--s 00022000 08:04 1861906                    /home/duyenvu/.gradle/wrapper/dists/gradle-5.1.1-all/97z1ksx6lirer3kbvdnh7jtjg/gradle-5.1.1/lib/gradle-snapshots-5.1.1.jar
7fd7f0007000-7fd7f0008000 r--s 00003000 08:04 1861920                    /home/duyenvu/.gradle/wrapper/dists/gradle-5.1.1-all/97z1ksx6lirer3kbvdnh7jtjg/gradle-5.1.1/lib/gradle-build-option-5.1.1.jar
7fd7f0008000-7fd7f000a000 r--s 00005000 08:04 1861921                    /home/duyenvu/.gradle/wrapper/dists/gradle-5.1.1-all/97z1ksx6lirer3kbvdnh7jtjg/gradle-5.1.1/lib/gradle-cli-5.1.1.jar
7fd7f000a000-7fd7f000c000 r--s 00004000 08:04 1861931                    /home/duyenvu/.gradle/wrapper/dists/gradle-5.1.1-all/97z1ksx6lirer3kbvdnh7jtjg/gradle-5.1.1/lib/log4j-over-slf4j-1.7.25.jar
7fd7f000c000-7fd7f000e000 r--s 00000000 08:04 1861930                    /home/duyenvu/.gradle/wrapper/dists/gradle-5.1.1-all/97z1ksx6lirer3kbvdnh7jtjg/gradle-5.1.1/lib/jul-to-slf4j-1.7.25.jar
7fd7f000e000-7fd7f0010000 r--s 00003000 08:04 1861929                    /home/duyenvu/.gradle/wrapper/dists/gradle-5.1.1-all/97z1ksx6lirer3kbvdnh7jtjg/gradle-5.1.1/lib/jcl-over-slf4j-1.7.25.jar
7fd7f0010000-7fd7f0018000 r--s 00035000 08:04 1861913                    /home/duyenvu/.gradle/wrapper/dists/gradle-5.1.1-all/97z1ksx6lirer3kbvdnh7jtjg/gradle-5.1.1/lib/gradle-logging-5.1.1.jar
7fd7f0018000-7fd7f001d000 r--s 00015000 08:04 1861915                    /home/duyenvu/.gradle/wrapper/dists/gradle-5.1.1-all/97z1ksx6lirer3kbvdnh7jtjg/gradle-5.1.1/lib/gradle-resources-5.1.1.jar
7fd7f001d000-7fd7f0024000 r--s 00036000 08:04 1861912                    /home/duyenvu/.gradle/wrapper/dists/gradle-5.1.1-all/97z1ksx6lirer3kbvdnh7jtjg/gradle-5.1.1/lib/gradle-persistent-cache-5.1.1.jar
7fd7f0024000-7fd7f0029000 r--s 00014000 08:04 1861911                    /home/duyenvu/.gradle/wrapper/dists/gradle-5.1.1-all/97z1ksx6lirer3kbvdnh7jtjg/gradle-5.1.1/lib/gradle-build-cache-5.1.1.jar
7fd7f0029000-7fd7f003a000 r--s 00092000 08:04 1861909                    /home/duyenvu/.gradle/wrapper/dists/gradle-5.1.1-all/97z1ksx6lirer3kbvdnh7jtjg/gradle-5.1.1/lib/gradle-model-core-5.1.1.jar
7fd7f003a000-7fd7f003c000 r--s 0000d000 08:04 1861917                    /home/duyenvu/.gradle/wrapper/dists/gradle-5.1.1-all/97z1ksx6lirer3kbvdnh7jtjg/gradle-5.1.1/lib/gradle-base-services-groovy-5.1.1.jar
7fd7f003c000-7fd7f003e000 r--s 00007000 08:04 1861908                    /home/duyenvu/.gradle/wrapper/dists/gradle-5.1.1-all/97z1ksx6lirer3kbvdnh7jtjg/gradle-5.1.1/lib/gradle-model-groovy-5.1.1.jar
7fd7f003e000-7fd7f0040000 r--s 00006000 08:04 1861922                    /home/duyenvu/.gradle/wrapper/dists/gradle-5.1.1-all/97z1ksx6lirer3kbvdnh7jtjg/gradle-5.1.1/lib/gradle-docs-5.1.1.jar
7fd7f0040000-7fd7f0049000 r--s 0002d000 08:04 1861943                    /home/duyenvu/.gradle/wrapper/dists/gradle-5.1.1-all/97z1ksx6lirer3kbvdnh7jtjg/gradle-5.1.1/lib/xml-apis-1.4.01.jar
7fd7f0049000-7fd7f004a000 r--s 00000000 08:04 1861939                    /home/duyenvu/.gradle/wrapper/dists/gradle-5.1.1-all/97z1ksx6lirer3kbvdnh7jtjg/gradle-5.1.1/lib/javax.inject-1.jar
7fd7f004a000-7fd7f0055000 r--s 00086000 08:04 1861942                    /home/duyenvu/.gradle/wrapper/dists/gradle-5.1.1-all/97z1ksx6lirer3kbvdnh7jtjg/gradle-5.1.1/lib/commons-compress-1.18.jar
7fd7f0055000-7fd7f0062000 r--s 00083000 08:04 1861940                    /home/duyenvu/.gradle/wrapper/dists/gradle-5.1.1-all/97z1ksx6lirer3kbvdnh7jtjg/gradle-5.1.1/lib/commons-collections-3.2.2.jar
7fd7f0062000-7fd7f0064000 r--s 00007000 08:04 1861924                    /home/duyenvu/.gradle/wrapper/dists/gradle-5.1.1-all/97z1ksx6lirer3kbvdnh7jtjg/gradle-5.1.1/lib/asm-analysis-7.0.jar
7fd7f0064000-7fd7f0066000 r--s 0000b000 08:04 1861925                    /home/duyenvu/.gradle/wrapper/dists/gradle-5.1.1-all/97z1ksx6lirer3kbvdnh7jtjg/gradle-5.1.1/lib/asm-tree-7.0.jar
7fd7f0066000-7fd7f0068000 r--s 00012000 08:04 1861923                    /home/duyenvu/.gradle/wrapper/dists/gradle-5.1.1-all/97z1ksx6lirer3kbvdnh7jtjg/gradle-5.1.1/lib/asm-commons-7.0.jar
7fd7f0068000-7fd7f0069000 r--s 00004000 08:04 1861949                    /home/duyenvu/.gradle/wrapper/dists/gradle-5.1.1-all/97z1ksx6lirer3kbvdnh7jtjg/gradle-5.1.1/lib/native-platform-freebsd-amd64-libcpp-0.14.jar
7fd7f0069000-7fd7f006a000 r--s 00004000 08:04 1861950                    /home/duyenvu/.gradle/wrapper/dists/gradle-5.1.1-all/97z1ksx6lirer3kbvdnh7jtjg/gradle-5.1.1/lib/native-platform-freebsd-amd64-libstdcpp-0.14.jar
7fd7f006a000-7fd7f006b000 r--s 00004000 08:04 1861951                    /home/duyenvu/.gradle/wrapper/dists/gradle-5.1.1-all/97z1ksx6lirer3kbvdnh7jtjg/gradle-5.1.1/lib/native-platform-freebsd-i386-libcpp-0.14.jar
7fd7f006b000-7fd7f006c000 r--s 00003000 08:04 1861952                    /home/duyenvu/.gradle/wrapper/dists/gradle-5.1.1-all/97z1ksx6lirer3kbvdnh7jtjg/gradle-5.1.1/lib/native-platform-freebsd-i386-libstdcpp-0.14.jar
7fd7f006c000-7fd7f006d000 r--s 00002000 08:04 1861953                    /home/duyenvu/.gradle/wrapper/dists/gradle-5.1.1-all/97z1ksx6lirer3kbvdnh7jtjg/gradle-5.1.1/lib/native-platform-linux-amd64-0.14.jar
7fd7f006d000-7fd7f006e000 r--s 00002000 08:04 1861954                    /home/duyenvu/.gradle/wrapper/dists/gradle-5.1.1-all/97z1ksx6lirer3kbvdnh7jtjg/gradle-5.1.1/lib/native-platform-linux-i386-0.14.jar
7fd7f006e000-7fd7f0070000 r--s 00002000 08:04 1861955                    /home/duyenvu/.gradle/wrapper/dists/gradle-5.1.1-all/97z1ksx6lirer3kbvdnh7jtjg/gradle-5.1.1/lib/native-platform-osx-amd64-0.14.jar
7fd7f0070000-7fd7f0071000 r--s 00003000 08:04 1861956                    /home/duyenvu/.gradle/wrapper/dists/gradle-5.1.1-all/97z1ksx6lirer3kbvdnh7jtjg/gradle-5.1.1/lib/native-platform-osx-i386-0.14.jar
7fd7f0071000-7fd7f0073000 r--s 0000b000 08:04 1861957                    /home/duyenvu/.gradle/wrapper/dists/gradle-5.1.1-all/97z1ksx6lirer3kbvdnh7jtjg/gradle-5.1.1/lib/native-platform-windows-amd64-0.14.jar
7fd7f0073000-7fd7f0074000 r--s 0000b000 08:04 1861958                    /home/duyenvu/.gradle/wrapper/dists/gradle-5.1.1-all/97z1ksx6lirer3kbvdnh7jtjg/gradle-5.1.1/lib/native-platform-windows-i386-0.14.jar
7fd7f0074000-7fd7f0075000 r--s 00001000 08:04 1861959                    /home/duyenvu/.gradle/wrapper/dists/gradle-5.1.1-all/97z1ksx6lirer3kbvdnh7jtjg/gradle-5.1.1/lib/native-platform-linux-amd64-ncurses5-0.14.jar
7fd7f0075000-7fd7f0076000 r--s 00001000 08:04 1861960                    /home/duyenvu/.gradle/wrapper/dists/gradle-5.1.1-all/97z1ksx6lirer3kbvdnh7jtjg/gradle-5.1.1/lib/native-platform-linux-amd64-ncurses6-0.14.jar
7fd7f0076000-7fd7f0077000 r--s 00001000 08:04 1861961                    /home/duyenvu/.gradle/wrapper/dists/gradle-5.1.1-all/97z1ksx6lirer3kbvdnh7jtjg/gradle-5.1.1/lib/native-platform-linux-i386-ncurses5-0.14.jar
7fd7f0077000-7fd7f007b000 r--s 00012000 08:04 1861941                    /home/duyenvu/.gradle/wrapper/dists/gradle-5.1.1-all/97z1ksx6lirer3kbvdnh7jtjg/gradle-5.1.1/lib/native-platform-0.14.jar
7fd7f007b000-7fd7f007f000 r--s 00042000 08:04 1861944                    /home/duyenvu/.gradle/wrapper/dists/gradle-5.1.1-all/97z1ksx6lirer3kbvdnh7jtjg/gradle-5.1.1/lib/jansi-1.17.1.jar
7fd7f007f000-7fd7f0082000 r--s 0000c000 08:04 1861916                    /home/duyenvu/.gradle/wrapper/dists/gradle-5.1.1-all/97z1ksx6lirer3kbvdnh7jtjg/gradle-5.1.1/lib/gradle-native-5.1.1.jar
7fd7f0082000-7fd7f0084000 r--s 0000c000 08:04 1861946                    /home/duyenvu/.gradle/wrapper/dists/gradle-5.1.1-all/97z1ksx6lirer3kbvdnh7jtjg/gradle-5.1.1/lib/objenesis-2.6.jar
7fd7f0084000-7fd7f00b4000 r--s 0024b000 08:04 1861933                    /home/duyenvu/.gradle/wrapper/dists/gradle-5.1.1-all/97z1ksx6lirer3kbvdnh7jtjg/gradle-5.1.1/lib/guava-26.0-android.jar
7fd7f00b4000-7fd7f00f1000 r--s 0020d000 08:04 1861902                    /home/duyenvu/.gradle/wrapper/dists/gradle-5.1.1-all/97z1ksx6lirer3kbvdnh7jtjg/gradle-5.1.1/lib/gradle-core-5.1.1.jar
7fd7f00f1000-7fd7f4000000 rw-p 00000000 00:00 0 
7fd7f4000000-7fd7f4021000 rw-p 00000000 00:00 0 
7fd7f4021000-7fd7f8000000 ---p 00000000 00:00 0 
7fd7f8000000-7fd7f8001000 r--s 00001000 08:04 1861962                    /home/duyenvu/.gradle/wrapper/dists/gradle-5.1.1-all/97z1ksx6lirer3kbvdnh7jtjg/gradle-5.1.1/lib/native-platform-linux-i386-ncurses6-0.14.jar
7fd7f8001000-7fd7f8003000 r--s 00000000 08:04 1861948                    /home/duyenvu/.gradle/wrapper/dists/gradle-5.1.1-all/97z1ksx6lirer3kbvdnh7jtjg/gradle-5.1.1/lib/minlog-1.2.jar
7fd7f8003000-7fd7f8009000 r--s 0004d000 08:04 1861945                    /home/duyenvu/.gradle/wrapper/dists/gradle-5.1.1-all/97z1ksx6lirer3kbvdnh7jtjg/gradle-5.1.1/lib/kryo-2.24.0.jar
7fd7f8009000-7fd7f8010000 r--s 00030000 08:04 1861918                    /home/duyenvu/.gradle/wrapper/dists/gradle-5.1.1-all/97z1ksx6lirer3kbvdnh7jtjg/gradle-5.1.1/lib/gradle-messaging-5.1.1.jar
7fd7f8010000-7fd7f8012000 r--s 00006000 08:04 1861914                    /home/duyenvu/.gradle/wrapper/dists/gradle-5.1.1-all/97z1ksx6lirer3kbvdnh7jtjg/gradle-5.1.1/lib/gradle-process-services-5.1.1.jar
7fd7f8012000-7fd7f8014000 r--s 00000000 08:04 1861903                    /home/duyenvu/.gradle/wrapper/dists/gradle-5.1.1-all/97z1ksx6lirer3kbvdnh7jtjg/gradle-5.1.1/lib/gradle-jvm-services-5.1.1.jar
7fd7f8014000-7fd7f8033000 r--s 001da000 08:04 1861938                    /home/duyenvu/.gradle/wrapper/dists/gradle-5.1.1-all/97z1ksx6lirer3kbvdnh7jtjg/gradle-5.1.1/lib/ant-1.9.13.jar
7fd7f8033000-7fd7f80b7000 rw-p 00000000 00:00 0 
7fd7f80b7000-7fd7f8288000 r--s 03c8a000 07:05 3492                       /snap/android-studio/76/android-studio/jre/jre/lib/rt.jar
7fd7f8288000-7fd7f8dfe000 rw-p 00000000 00:00 0 
7fd7f8dfe000-7fd7f8dff000 ---p 00000000 00:00 0 
7fd7f8dff000-7fd7f8eff000 rw-p 00000000 00:00 0 
7fd7f8eff000-7fd7f8f00000 ---p 00000000 00:00 0 
7fd7f8f00000-7fd7f9000000 rw-p 00000000 00:00 0 
7fd7f9000000-7fd7f9520000 rwxp 00000000 00:00 0 
7fd7f9520000-7fd808000000 ---p 00000000 00:00 0 
7fd808000000-7fd808f2b000 rw-p 00000000 00:00 0 
7fd808f2b000-7fd80c000000 ---p 00000000 00:00 0 
7fd80c000000-7fd80c002000 r--s 00003000 08:04 1861934                    /home/duyenvu/.gradle/wrapper/dists/gradle-5.1.1-all/97z1ksx6lirer3kbvdnh7jtjg/gradle-5.1.1/lib/jsr305-3.0.2.jar
7fd80c002000-7fd80c003000 r--s 00000000 08:04 1861936                    /home/duyenvu/.gradle/wrapper/dists/gradle-5.1.1-all/97z1ksx6lirer3kbvdnh7jtjg/gradle-5.1.1/lib/jcip-annotations-1.0.jar
7fd80c003000-7fd80c006000 r--s 0001c000 08:04 1861935                    /home/duyenvu/.gradle/wrapper/dists/gradle-5.1.1-all/97z1ksx6lirer3kbvdnh7jtjg/gradle-5.1.1/lib/fastutil-8.2.1-min.jar
7fd80c006000-7fd80c00b000 r--s 00041000 08:04 1861928                    /home/duyenvu/.gradle/wrapper/dists/gradle-5.1.1-all/97z1ksx6lirer3kbvdnh7jtjg/gradle-5.1.1/lib/commons-lang-2.6.jar
7fd80c00b000-7fd80c00f000 r--s 00031000 08:04 1861927                    /home/duyenvu/.gradle/wrapper/dists/gradle-5.1.1-all/97z1ksx6lirer3kbvdnh7jtjg/gradle-5.1.1/lib/commons-io-2.6.jar
7fd80c00f000-7fd80c011000 r--s 0001a000 08:04 1861926                    /home/duyenvu/.gradle/wrapper/dists/gradle-5.1.1-all/97z1ksx6lirer3kbvdnh7jtjg/gradle-5.1.1/lib/asm-7.0.jar
7fd80c011000-7fd80c01f000 r--s 0003c000 08:04 1861910                    /home/duyenvu/.gradle/wrapper/dists/gradle-5.1.1-all/97z1ksx6lirer3kbvdnh7jtjg/gradle-5.1.1/lib/gradle-core-api-5.1.1.jar
7fd80c01f000-7fd80c0c8000 rw-p 00000000 00:00 0 
7fd80c0c8000-7fd80c0c9000 ---p 00000000 00:00 0 
7fd80c0c9000-7fd80c1c9000 rw-p 00000000 00:00 0 
7fd80c1c9000-7fd80c1ca000 ---p 00000000 00:00 0 
7fd80c1ca000-7fd80c31e000 rw-p 00000000 00:00 0 
7fd80c31e000-7fd80c4ca000 ---p 00000000 00:00 0 
7fd80c4ca000-7fd80c51e000 rw-p 00000000 00:00 0 
7fd80c51e000-7fd80c6ca000 ---p 00000000 00:00 0 
7fd80c6ca000-7fd80c713000 rw-p 00000000 00:00 0 
7fd80c713000-7fd80c7ca000 ---p 00000000 00:00 0 
7fd80c7ca000-7fd80c7e0000 rw-p 00000000 00:00 0 
7fd80c7e0000-7fd80cb8b000 ---p 00000000 00:00 0 
7fd80cb8b000-7fd80cb96000 r-xp 00000000 08:02 529179                     /lib/x86_64-linux-gnu/libnss_files-2.27.so
7fd80cb96000-7fd80cd95000 ---p 0000b000 08:02 529179                     /lib/x86_64-linux-gnu/libnss_files-2.27.so
7fd80cd95000-7fd80cd96000 r--p 0000a000 08:02 529179                     /lib/x86_64-linux-gnu/libnss_files-2.27.so
7fd80cd96000-7fd80cd97000 rw-p 0000b000 08:02 529179                     /lib/x86_64-linux-gnu/libnss_files-2.27.so
7fd80cd97000-7fd80cd9d000 rw-p 00000000 00:00 0 
7fd80cd9d000-7fd80cdb4000 r-xp 00000000 08:02 529173                     /lib/x86_64-linux-gnu/libnsl-2.27.so
7fd80cdb4000-7fd80cfb3000 ---p 00017000 08:02 529173                     /lib/x86_64-linux-gnu/libnsl-2.27.so
7fd80cfb3000-7fd80cfb4000 r--p 00016000 08:02 529173                     /lib/x86_64-linux-gnu/libnsl-2.27.so
7fd80cfb4000-7fd80cfb5000 rw-p 00017000 08:02 529173                     /lib/x86_64-linux-gnu/libnsl-2.27.so
7fd80cfb5000-7fd80cfb7000 rw-p 00000000 00:00 0 
7fd80cfb7000-7fd80cfc2000 r-xp 00000000 08:02 529190                     /lib/x86_64-linux-gnu/libnss_nis-2.27.so
7fd80cfc2000-7fd80d1c1000 ---p 0000b000 08:02 529190                     /lib/x86_64-linux-gnu/libnss_nis-2.27.so
7fd80d1c1000-7fd80d1c2000 r--p 0000a000 08:02 529190                     /lib/x86_64-linux-gnu/libnss_nis-2.27.so
7fd80d1c2000-7fd80d1c3000 rw-p 0000b000 08:02 529190                     /lib/x86_64-linux-gnu/libnss_nis-2.27.so
7fd80d1c3000-7fd80d1cb000 r-xp 00000000 08:02 529175                     /lib/x86_64-linux-gnu/libnss_compat-2.27.so
7fd80d1cb000-7fd80d3cb000 ---p 00008000 08:02 529175                     /lib/x86_64-linux-gnu/libnss_compat-2.27.so
7fd80d3cb000-7fd80d3cc000 r--p 00008000 08:02 529175                     /lib/x86_64-linux-gnu/libnss_compat-2.27.so
7fd80d3cc000-7fd80d3cd000 rw-p 00009000 08:02 529175                     /lib/x86_64-linux-gnu/libnss_compat-2.27.so
7fd80d3cd000-7fd80d3d4000 r-xp 00000000 08:02 529230                     /lib/x86_64-linux-gnu/librt-2.27.so
7fd80d3d4000-7fd80d5d3000 ---p 00007000 08:02 529230                     /lib/x86_64-linux-gnu/librt-2.27.so
7fd80d5d3000-7fd80d5d4000 r--p 00006000 08:02 529230                     /lib/x86_64-linux-gnu/librt-2.27.so
7fd80d5d4000-7fd80d5d5000 rw-p 00007000 08:02 529230                     /lib/x86_64-linux-gnu/librt-2.27.so
7fd80d5d5000-7fd80d772000 r-xp 00000000 08:02 529152                     /lib/x86_64-linux-gnu/libm-2.27.so
7fd80d772000-7fd80d971000 ---p 0019d000 08:02 529152                     /lib/x86_64-linux-gnu/libm-2.27.so
7fd80d971000-7fd80d972000 r--p 0019c000 08:02 529152                     /lib/x86_64-linux-gnu/libm-2.27.so
7fd80d972000-7fd80d973000 rw-p 0019d000 08:02 529152                     /lib/x86_64-linux-gnu/libm-2.27.so
7fd80d973000-7fd80e58b000 r-xp 00000000 07:05 3425                       /snap/android-studio/76/android-studio/jre/jre/lib/amd64/server/libjvm.so
7fd80e58b000-7fd80e65a000 rw-p 00c18000 07:05 3425                       /snap/android-studio/76/android-studio/jre/jre/lib/amd64/server/libjvm.so
7fd80e65a000-7fd80e69f000 rw-p 00000000 00:00 0 
7fd80e69f000-7fd80e886000 r-xp 00000000 08:02 529089                     /lib/x86_64-linux-gnu/libc-2.27.so
7fd80e886000-7fd80ea86000 ---p 001e7000 08:02 529089                     /lib/x86_64-linux-gnu/libc-2.27.so
7fd80ea86000-7fd80ea8a000 r--p 001e7000 08:02 529089                     /lib/x86_64-linux-gnu/libc-2.27.so
7fd80ea8a000-7fd80ea8c000 rw-p 001eb000 08:02 529089                     /lib/x86_64-linux-gnu/libc-2.27.so
7fd80ea8c000-7fd80ea90000 rw-p 00000000 00:00 0 
7fd80ea90000-7fd80ea93000 r-xp 00000000 08:02 529112                     /lib/x86_64-linux-gnu/libdl-2.27.so
7fd80ea93000-7fd80ec92000 ---p 00003000 08:02 529112                     /lib/x86_64-linux-gnu/libdl-2.27.so
7fd80ec92000-7fd80ec93000 r--p 00002000 08:02 529112                     /lib/x86_64-linux-gnu/libdl-2.27.so
7fd80ec93000-7fd80ec94000 rw-p 00003000 08:02 529112                     /lib/x86_64-linux-gnu/libdl-2.27.so
7fd80ec94000-7fd80ecae000 r-xp 00000000 08:02 529222                     /lib/x86_64-linux-gnu/libpthread-2.27.so
7fd80ecae000-7fd80eead000 ---p 0001a000 08:02 529222                     /lib/x86_64-linux-gnu/libpthread-2.27.so
7fd80eead000-7fd80eeae000 r--p 00019000 08:02 529222                     /lib/x86_64-linux-gnu/libpthread-2.27.so
7fd80eeae000-7fd80eeaf000 rw-p 0001a000 08:02 529222                     /lib/x86_64-linux-gnu/libpthread-2.27.so
7fd80eeaf000-7fd80eeb3000 rw-p 00000000 00:00 0 
7fd80eeb3000-7fd80eeda000 r-xp 00000000 08:02 529061                     /lib/x86_64-linux-gnu/ld-2.27.so
7fd80eeda000-7fd80eedc000 r--s 00009000 08:04 1861932                    /home/duyenvu/.gradle/wrapper/dists/gradle-5.1.1-all/97z1ksx6lirer3kbvdnh7jtjg/gradle-5.1.1/lib/slf4j-api-1.7.25.jar
7fd80eedc000-7fd80eee9000 r--s 0006c000 08:04 1861919                    /home/duyenvu/.gradle/wrapper/dists/gradle-5.1.1-all/97z1ksx6lirer3kbvdnh7jtjg/gradle-5.1.1/lib/gradle-base-services-5.1.1.jar
7fd80eee9000-7fd80eef6000 r--s 0006d000 08:04 1861897                    /home/duyenvu/.gradle/wrapper/dists/gradle-5.1.1-all/97z1ksx6lirer3kbvdnh7jtjg/gradle-5.1.1/lib/gradle-launcher-5.1.1.jar
7fd80eef6000-7fd80ef5d000 rw-p 00000000 00:00 0 
7fd80ef5d000-7fd80ef77000 r-xp 00000000 07:05 3421                       /snap/android-studio/76/android-studio/jre/jre/lib/amd64/libzip.so
7fd80ef77000-7fd80ef78000 rw-p 00019000 07:05 3421                       /snap/android-studio/76/android-studio/jre/jre/lib/amd64/libzip.so
7fd80ef78000-7fd80efa3000 r-xp 00000000 07:05 3400                       /snap/android-studio/76/android-studio/jre/jre/lib/amd64/libjava.so
7fd80efa3000-7fd80efa5000 rw-p 0002b000 07:05 3400                       /snap/android-studio/76/android-studio/jre/jre/lib/amd64/libjava.so
7fd80efa5000-7fd80efa6000 ---p 00000000 00:00 0 
7fd80efa6000-7fd80efa9000 ---p 00000000 00:00 0 
7fd80efa9000-7fd80f0a8000 rw-p 00000000 00:00 0 
7fd80f0a8000-7fd80f0bd000 r-xp 00000000 07:05 3510                       /snap/android-studio/76/android-studio/jre/lib/amd64/jli/libjli.so
7fd80f0bd000-7fd80f0be000 rw-p 00015000 07:05 3510                       /snap/android-studio/76/android-studio/jre/lib/amd64/jli/libjli.so
7fd80f0be000-7fd80f0c0000 rw-p 00000000 00:00 0 
7fd80f0c0000-7fd80f0c1000 r--s 00004000 08:04 1861947                    /home/duyenvu/.gradle/wrapper/dists/gradle-5.1.1-all/97z1ksx6lirer3kbvdnh7jtjg/gradle-5.1.1/lib/ant-launcher-1.9.13.jar
7fd80f0c1000-7fd80f0c9000 rw-s 00000000 08:02 3932292                    /tmp/hsperfdata_duyenvu/20082
7fd80f0c9000-7fd80f0ca000 rw-p 00000000 00:00 0 
7fd80f0ca000-7fd80f0cb000 ---p 00000000 00:00 0 
7fd80f0cb000-7fd80f0d8000 r-xp 00000000 07:05 3420                       /snap/android-studio/76/android-studio/jre/jre/lib/amd64/libverify.so
7fd80f0d8000-7fd80f0da000 rw-p 0000c000 07:05 3420                       /snap/android-studio/76/android-studio/jre/jre/lib/amd64/libverify.so
7fd80f0da000-7fd80f0db000 r--p 00027000 08:02 529061                     /lib/x86_64-linux-gnu/ld-2.27.so
7fd80f0db000-7fd80f0dc000 rw-p 00028000 08:02 529061                     /lib/x86_64-linux-gnu/ld-2.27.so
7fd80f0dc000-7fd80f0dd000 rw-p 00000000 00:00 0 
7ffc79f95000-7ffc79fb6000 rw-p 00000000 00:00 0                          [stack]
7ffc79fcc000-7ffc79fcf000 r--p 00000000 00:00 0                          [vvar]
7ffc79fcf000-7ffc79fd1000 r-xp 00000000 00:00 0                          [vdso]
ffffffffff600000-ffffffffff601000 r-xp 00000000 00:00 0                  [vsyscall]

VM Arguments:
jvm_args: -Xmx1536m -Dfile.encoding=UTF-8 -Duser.country=US -Duser.language=en -Duser.variant 
java_command: org.gradle.launcher.daemon.bootstrap.GradleDaemon 5.1.1
java_class_path (initial): /home/duyenvu/.gradle/wrapper/dists/gradle-5.1.1-all/97z1ksx6lirer3kbvdnh7jtjg/gradle-5.1.1/lib/gradle-launcher-5.1.1.jar
Launcher Type: SUN_STANDARD

Environment Variables:
PATH=/usr/local/sbin:/usr/local/bin:/usr/sbin:/usr/bin:/sbin:/bin:/usr/games:/usr/local/games:/snap/bin
SHELL=/bin/bash
DISPLAY=:0

Signal Handlers:
SIGSEGV: [libjvm.so+0xa00760], sa_mask[0]=11111111011111111101111111111110, sa_flags=SA_RESTART|SA_SIGINFO
SIGBUS: [libjvm.so+0xa00760], sa_mask[0]=11111111011111111101111111111110, sa_flags=SA_RESTART|SA_SIGINFO
SIGFPE: [libjvm.so+0x863090], sa_mask[0]=11111111011111111101111111111110, sa_flags=SA_RESTART|SA_SIGINFO
SIGPIPE: [libjvm.so+0x863090], sa_mask[0]=11111111011111111101111111111110, sa_flags=SA_RESTART|SA_SIGINFO
SIGXFSZ: [libjvm.so+0x863090], sa_mask[0]=11111111011111111101111111111110, sa_flags=SA_RESTART|SA_SIGINFO
SIGILL: [libjvm.so+0x863090], sa_mask[0]=11111111011111111101111111111110, sa_flags=SA_RESTART|SA_SIGINFO
SIGUSR1: SIG_DFL, sa_mask[0]=00000000000000000000000000000000, sa_flags=none
SIGUSR2: [libjvm.so+0x862f60], sa_mask[0]=00100000000000000000000000000000, sa_flags=SA_RESTART|SA_SIGINFO
SIGHUP: [libjvm.so+0x863150], sa_mask[0]=11111111011111111101111111111110, sa_flags=SA_RESTART|SA_SIGINFO
SIGINT: [libjvm.so+0x863150], sa_mask[0]=11111111011111111101111111111110, sa_flags=SA_RESTART|SA_SIGINFO
SIGTERM: [libjvm.so+0x863150], sa_mask[0]=11111111011111111101111111111110, sa_flags=SA_RESTART|SA_SIGINFO
SIGQUIT: [libjvm.so+0x863150], sa_mask[0]=11111111011111111101111111111110, sa_flags=SA_RESTART|SA_SIGINFO


---------------  S Y S T E M  ---------------

OS:DISTRIB_ID=LinuxMint
DISTRIB_RELEASE=19
DISTRIB_CODENAME=tara
DISTRIB_DESCRIPTION="Linux Mint 19 Tara"

uname:Linux 4.15.0-20-generic #21-Ubuntu SMP Tue Apr 24 06:16:15 UTC 2018 x86_64
libc:glibc 2.27 NPTL 2.27 
rlimit: STACK 8192k, CORE 0k, NPROC 63442, NOFILE 1048576, AS infinity
load average:32,70 16,40 10,39

/proc/meminfo:
MemTotal:       16304000 kB
MemFree:          164188 kB
MemAvailable:      45900 kB
Buffers:            4080 kB
Cached:           226540 kB
SwapCached:         5300 kB
Active:         14612864 kB
Inactive:        1241176 kB
Active(anon):   14587800 kB
Inactive(anon):  1211724 kB
Active(file):      25064 kB
Inactive(file):    29452 kB
Unevictable:         136 kB
Mlocked:             136 kB
SwapTotal:       2097148 kB
SwapFree:              0 kB
Dirty:               132 kB
Writeback:             0 kB
AnonPages:      15622468 kB
Mapped:            98620 kB
Shmem:            175400 kB
Slab:             106404 kB
SReclaimable:      49456 kB
SUnreclaim:        56948 kB
KernelStack:       13376 kB
PageTables:        85468 kB
NFS_Unstable:          0 kB
Bounce:                0 kB
WritebackTmp:          0 kB
CommitLimit:    10249148 kB
Committed_AS:   22605884 kB
VmallocTotal:   34359738367 kB
VmallocUsed:           0 kB
VmallocChunk:          0 kB
HardwareCorrupted:     0 kB
AnonHugePages:         0 kB
ShmemHugePages:        0 kB
ShmemPmdMapped:        0 kB
CmaTotal:              0 kB
CmaFree:               0 kB
HugePages_Total:       0
HugePages_Free:        0
HugePages_Rsvd:        0
HugePages_Surp:        0
Hugepagesize:       2048 kB
DirectMap4k:      220672 kB
DirectMap2M:    13289472 kB
DirectMap1G:     4194304 kB


CPU:total 4 (initial active 4) (2 cores per cpu, 2 threads per core) family 6 model 69 stepping 1, cmov, cx8, fxsr, mmx, sse, sse2, sse3, ssse3, sse4.1, sse4.2, popcnt, avx, avx2, aes, clmul, erms, lzcnt, ht, tsc, tscinvbit, bmi1, bmi2

/proc/cpuinfo:
processor	: 0
vendor_id	: GenuineIntel
cpu family	: 6
model		: 69
model name	: Intel(R) Core(TM) i5-4210U CPU @ 1.70GHz
stepping	: 1
microcode	: 0x1c
cpu MHz		: 1691.471
cache size	: 3072 KB
physical id	: 0
siblings	: 4
core id		: 0
cpu cores	: 2
apicid		: 0
initial apicid	: 0
fpu		: yes
fpu_exception	: yes
cpuid level	: 13
wp		: yes
flags		: fpu vme de pse tsc msr pae mce cx8 apic sep mtrr pge mca cmov pat pse36 clflush dts acpi mmx fxsr sse sse2 ss ht tm pbe syscall nx pdpe1gb rdtscp lm constant_tsc arch_perfmon pebs bts rep_good nopl xtopology nonstop_tsc cpuid aperfmperf pni pclmulqdq dtes64 monitor ds_cpl vmx est tm2 ssse3 sdbg fma cx16 xtpr pdcm pcid sse4_1 sse4_2 movbe popcnt aes xsave avx f16c rdrand lahf_lm abm cpuid_fault epb invpcid_single pti tpr_shadow vnmi flexpriority ept vpid fsgsbase tsc_adjust bmi1 avx2 smep bmi2 erms invpcid xsaveopt dtherm ida arat pln pts
bugs		: cpu_meltdown spectre_v1 spectre_v2
bogomips	: 4788.87
clflush size	: 64
cache_alignment	: 64
address sizes	: 39 bits physical, 48 bits virtual
power management:

processor	: 1
vendor_id	: GenuineIntel
cpu family	: 6
model		: 69
model name	: Intel(R) Core(TM) i5-4210U CPU @ 1.70GHz
stepping	: 1
microcode	: 0x1c
cpu MHz		: 1659.943
cache size	: 3072 KB
physical id	: 0
siblings	: 4
core id		: 0
cpu cores	: 2
apicid		: 1
initial apicid	: 1
fpu		: yes
fpu_exception	: yes
cpuid level	: 13
wp		: yes
flags		: fpu vme de pse tsc msr pae mce cx8 apic sep mtrr pge mca cmov pat pse36 clflush dts acpi mmx fxsr sse sse2 ss ht tm pbe syscall nx pdpe1gb rdtscp lm constant_tsc arch_perfmon pebs bts rep_good nopl xtopology nonstop_tsc cpuid aperfmperf pni pclmulqdq dtes64 monitor ds_cpl vmx est tm2 ssse3 sdbg fma cx16 xtpr pdcm pcid sse4_1 sse4_2 movbe popcnt aes xsave avx f16c rdrand lahf_lm abm cpuid_fault epb invpcid_single pti tpr_shadow vnmi flexpriority ept vpid fsgsbase tsc_adjust bmi1 avx2 smep bmi2 erms invpcid xsaveopt dtherm ida arat pln pts
bugs		: cpu_meltdown spectre_v1 spectre_v2
bogomips	: 4788.87
clflush size	: 64
cache_alignment	: 64
address sizes	: 39 bits physical, 48 bits virtual
power management:

processor	: 2
vendor_id	: GenuineIntel
cpu family	: 6
model		: 69
model name	: Intel(R) Core(TM) i5-4210U CPU @ 1.70GHz
stepping	: 1
microcode	: 0x1c
cpu MHz		: 1642.530
cache size	: 3072 KB
physical id	: 0
siblings	: 4
core id		: 1
cpu cores	: 2
apicid		: 2
initial apicid	: 2
fpu		: yes
fpu_exception	: yes
cpuid level	: 13
wp		: yes
flags		: fpu vme de pse tsc msr pae mce cx8 apic sep mtrr pge mca cmov pat pse36 clflush dts acpi mmx fxsr sse sse2 ss ht tm pbe syscall nx pdpe1gb rdtscp lm constant_tsc arch_perfmon pebs bts rep_good nopl xtopology nonstop_tsc cpuid aperfmperf pni pclmulqdq dtes64 monitor ds_cpl vmx est tm2 ssse3 sdbg fma cx16 xtpr pdcm pcid sse4_1 sse4_2 movbe popcnt aes xsave avx f16c rdrand lahf_lm abm cpuid_fault epb invpcid_single pti tpr_shadow vnmi flexpriority ept vpid fsgsbase tsc_adjust bmi1 avx2 smep bmi2 erms invpcid xsaveopt dtherm ida arat pln pts
bugs		: cpu_meltdown spectre_v1 spectre_v2
bogomips	: 4788.87
clflush size	: 64
cache_alignment	: 64
address sizes	: 39 bits physical, 48 bits virtual
power management:

processor	: 3
vendor_id	: GenuineIntel
cpu family	: 6
model		: 69
model name	: Intel(R) Core(TM) i5-4210U CPU @ 1.70GHz
stepping	: 1
microcode	: 0x1c
cpu MHz		: 1597.810
cache size	: 3072 KB
physical id	: 0
siblings	: 4
core id		: 1
cpu cores	: 2
apicid		: 3
initial apicid	: 3
fpu		: yes
fpu_exception	: yes
cpuid level	: 13
wp		: yes
flags		: fpu vme de pse tsc msr pae mce cx8 apic sep mtrr pge mca cmov pat pse36 clflush dts acpi mmx fxsr sse sse2 ss ht tm pbe syscall nx pdpe1gb rdtscp lm constant_tsc arch_perfmon pebs bts rep_good nopl xtopology nonstop_tsc cpuid aperfmperf pni pclmulqdq dtes64 monitor ds_cpl vmx est tm2 ssse3 sdbg fma cx16 xtpr pdcm pcid sse4_1 sse4_2 movbe popcnt aes xsave avx f16c rdrand lahf_lm abm cpuid_fault epb invpcid_single pti tpr_shadow vnmi flexpriority ept vpid fsgsbase tsc_adjust bmi1 avx2 smep bmi2 erms invpcid xsaveopt dtherm ida arat pln pts
bugs		: cpu_meltdown spectre_v1 spectre_v2
bogomips	: 4788.87
clflush size	: 64
cache_alignment	: 64
address sizes	: 39 bits physical, 48 bits virtual
power management:



Memory: 4k page, physical 16304000k(164188k free), swap 2097148k(0k free)

vm_info: OpenJDK 64-Bit Server VM (25.152-b16-5323222) for linux-amd64 JRE (1.8.0_152-release-1343-b16-5323222), built by "android-build" with gcc 4.8

time: Thu Jun 20 12:49:21 2019
elapsed time: 149 seconds (0d 0h 2m 29s)

